#
# There is insufficient memory for the Java Runtime Environment to continue.
# Native memory allocation (malloc) failed to allocate 32744 bytes for ChunkPool::allocate
# Possible reasons:
#   The system is out of physical RAM or swap space
#   The process is running with CompressedOops enabled, and the Java Heap may be blocking the growth of the native heap
# Possible solutions:
#   Reduce memory load on the system
#   Increase physical memory or swap space
#   Check if swap backing store is full
#   Decrease Java heap size (-Xmx/-Xms)
#   Decrease number of Java threads
#   Decrease Java thread stack sizes (-Xss)
#   Set larger code cache with -XX:ReservedCodeCacheSize=
#     placed in the first 32GB address space. The Java Heap base address is the
#     maximum limit for the native heap growth. Please use -XX:HeapBaseMinAddress
#     to set the Java Heap base and to place the Java Heap above 32GB virtual address.
# This output file may be truncated or incomplete.
#
#  Out of Memory Error (arena.cpp:78), pid=11712, tid=8296
#
# JRE version: Java(TM) SE Runtime Environment (17.0.12+8) (build 17.0.12+8-LTS-286)
# Java VM: Java HotSpot(TM) 64-Bit Server VM (17.0.12+8-LTS-286, mixed mode, sharing, tiered, compressed oops, compressed class ptrs, g1 gc, windows-amd64)
# No core dump will be written. Minidumps are not enabled by default on client versions of Windows
#

---------------  S U M M A R Y ------------

Command Line: -XX:MaxMetaspaceSize=2G -XX:+HeapDumpOnOutOfMemoryError --add-opens=java.base/java.util=ALL-UNNAMED --add-opens=java.base/java.lang=ALL-UNNAMED --add-opens=java.base/java.lang.invoke=ALL-UNNAMED --add-opens=java.prefs/java.util.prefs=ALL-UNNAMED --add-opens=java.base/java.nio.charset=ALL-UNNAMED --add-opens=java.base/java.net=ALL-UNNAMED --add-opens=java.base/java.util.concurrent.atomic=ALL-UNNAMED -Xmx4G -Dfile.encoding=UTF-8 -Duser.country=US -Duser.language=en -Duser.variant -javaagent:C:\Users\ICON\.gradle\wrapper\dists\gradle-8.3-all\6en3ugtfdg5xnpx44z4qbwgas\gradle-8.3\lib\agents\gradle-instrumentation-agent-8.3.jar org.gradle.launcher.daemon.bootstrap.GradleDaemon 8.3

Host: 11th Gen Intel(R) Core(TM) i7-1165G7 @ 2.80GHz, 8 cores, 7G,  Windows 11 , 64 bit Build 22621 (10.0.22621.4974)
Time: Fri Apr  4 21:22:38 2025 Egypt Standard Time elapsed time: 68.168149 seconds (0d 0h 1m 8s)

---------------  T H R E A D  ---------------

Current thread (0x000002a4191a7610):  JavaThread "C2 CompilerThread0" daemon [_thread_in_native, id=8296, stack(0x000000ba5ed00000,0x000000ba5ee00000)]


Current CompileTask:
C2:  68168 14800   !   4       java.util.concurrent.LinkedBlockingQueue::poll (128 bytes)

Stack: [0x000000ba5ed00000,0x000000ba5ee00000]
Native frames: (J=compiled Java code, j=interpreted, Vv=VM code, C=native code)
V  [jvm.dll+0x67a04a]
V  [jvm.dll+0x7da4ed]
V  [jvm.dll+0x7dbe33]
V  [jvm.dll+0x7dc4a3]
V  [jvm.dll+0x24508f]
V  [jvm.dll+0xab9a4]
V  [jvm.dll+0xabd3c]
V  [jvm.dll+0x657b40]
V  [jvm.dll+0x33dd40]
V  [jvm.dll+0x346662]
V  [jvm.dll+0x68790e]
V  [jvm.dll+0x1a5bac]
V  [jvm.dll+0x1a6708]
V  [jvm.dll+0x2a975c]
V  [jvm.dll+0x6923b6]
V  [jvm.dll+0x68a3d5]
V  [jvm.dll+0x689a20]
V  [jvm.dll+0x687932]
V  [jvm.dll+0x1a5bac]
V  [jvm.dll+0x1a6708]
V  [jvm.dll+0x2a975c]
V  [jvm.dll+0x6923b6]
V  [jvm.dll+0x68a3d5]
V  [jvm.dll+0x689a20]
V  [jvm.dll+0x687932]
V  [jvm.dll+0x1a5bac]
V  [jvm.dll+0x1a6708]
V  [jvm.dll+0x2a975c]
V  [jvm.dll+0x6923b6]
V  [jvm.dll+0x68a3d5]
V  [jvm.dll+0x689a20]
V  [jvm.dll+0x687932]
V  [jvm.dll+0x1a5bac]
V  [jvm.dll+0x1a6708]
V  [jvm.dll+0x2a975c]
V  [jvm.dll+0x6923b6]
V  [jvm.dll+0x68a3d5]
V  [jvm.dll+0x689a20]
V  [jvm.dll+0x687932]
V  [jvm.dll+0x1a5bac]
V  [jvm.dll+0x215818]
V  [jvm.dll+0x1a2960]
V  [jvm.dll+0x22610b]
V  [jvm.dll+0x2242ab]
V  [jvm.dll+0x79075c]
V  [jvm.dll+0x78abea]
V  [jvm.dll+0x678f35]
C  [ucrtbase.dll+0x29333]
C  [KERNEL32.DLL+0x1259d]
C  [ntdll.dll+0x5af38]


---------------  P R O C E S S  ---------------

Threads class SMR info:
_java_thread_list=0x000002a4636fb360, length=135, elements={
0x000002a4761c80d0, 0x000002a419192370, 0x000002a419192f30, 0x000002a4191a2820,
0x000002a4191a33e0, 0x000002a4191a5eb0, 0x000002a4191a6870, 0x000002a4191a7610,
0x000002a4191aace0, 0x000002a4191bddf0, 0x000002a41917c8c0, 0x000002a4194eeb10,
0x000002a4605ba350, 0x000002a45f9a5b30, 0x000002a460195ca0, 0x000002a460760a10,
0x000002a460b7f660, 0x000002a4198e3830, 0x000002a4198e19d0, 0x000002a4198e3d40,
0x000002a4198e1ee0, 0x000002a4198e2900, 0x000002a4198e2e10, 0x000002a4198e0590,
0x000002a4198e0fb0, 0x000002a4198e0aa0, 0x000002a462eee3e0, 0x000002a462ef39f0,
0x000002a462ef34e0, 0x000002a462ef0c60, 0x000002a462eee8f0, 0x000002a462eef820,
0x000002a462ef1680, 0x000002a462eecfa0, 0x000002a462eefd30, 0x000002a462eed9c0,
0x000002a462eeded0, 0x000002a462eeee00, 0x000002a462ef4410, 0x000002a462eef310,
0x000002a462ef0240, 0x000002a462ef1170, 0x000002a462ef0750, 0x000002a462eed4b0,
0x000002a462ef20a0, 0x000002a462ef25b0, 0x000002a462ef2ac0, 0x000002a462ef2fd0,
0x000002a4198e14c0, 0x000002a4198e23f0, 0x000002a462ba9b80, 0x000002a462ba7810,
0x000002a462ba63d0, 0x000002a462baa5a0, 0x000002a462ba4a80, 0x000002a462baaab0,
0x000002a462baafc0, 0x000002a462ba8740, 0x000002a462bab9e0, 0x000002a462ba59b0,
0x000002a462ba5ec0, 0x000002a462ba68e0, 0x000002a462ba54a0, 0x000002a462ba7300,
0x000002a462ba8230, 0x000002a462ba9670, 0x000002a462ba6df0, 0x000002a462ba7d20,
0x000002a463b06680, 0x000002a463b06170, 0x000002a463b04820, 0x000002a463b01580,
0x000002a463b00b60, 0x000002a463b00650, 0x000002a463b01070, 0x000002a463b04310,
0x000002a463b01a90, 0x000002a463b01fa0, 0x000002a463b033e0, 0x000002a463aff210,
0x000002a463aff720, 0x000002a463b04d30, 0x000002a463b038f0, 0x000002a463b05750,
0x000002a463affc30, 0x000002a463b06b90, 0x000002a463b024b0, 0x000002a463b00140,
0x000002a463b05240, 0x000002a463b05c60, 0x000002a45f6c39c0, 0x000002a45f6c2580,
0x000002a45f6c3ed0, 0x000002a45f6c2a90, 0x000002a45f6c43e0, 0x000002a45f6c34b0,
0x000002a45f6c5310, 0x000002a45f6c5820, 0x000002a463149ff0, 0x000002a4631449e0,
0x000002a463143fc0, 0x000002a463146330, 0x000002a463145910, 0x000002a463147260,
0x000002a4631435a0, 0x000002a4631495d0, 0x000002a46314aa10, 0x000002a463146840,
0x000002a4631444d0, 0x000002a463148bb0, 0x000002a4631486a0, 0x000002a463147770,
0x000002a46314a500, 0x000002a463149ae0, 0x000002a463143ab0, 0x000002a463144ef0,
0x000002a463145400, 0x000002a45f6c2fa0, 0x000002a45f6c2070, 0x000002a45f6c4e00,
0x000002a469a71600, 0x000002a469a6ca10, 0x000002a469a6c500, 0x000002a469a6e870,
0x000002a469a71b10, 0x000002a469a6fcb0, 0x000002a469a6e360, 0x000002a469a6bff0,
0x000002a469a6cf20, 0x000002a469a72020, 0x000002a469a701c0, 0x000002a469a70be0,
0x000002a469a72530, 0x000002a469a706d0, 0x000002a4198e3320
}

Java Threads: ( => current thread )
  0x000002a4761c80d0 JavaThread "main" [_thread_blocked, id=23100, stack(0x000000ba5e000000,0x000000ba5e100000)]
  0x000002a419192370 JavaThread "Reference Handler" daemon [_thread_blocked, id=22372, stack(0x000000ba5e700000,0x000000ba5e800000)]
  0x000002a419192f30 JavaThread "Finalizer" daemon [_thread_blocked, id=15284, stack(0x000000ba5e800000,0x000000ba5e900000)]
  0x000002a4191a2820 JavaThread "Signal Dispatcher" daemon [_thread_blocked, id=9260, stack(0x000000ba5e900000,0x000000ba5ea00000)]
  0x000002a4191a33e0 JavaThread "Attach Listener" daemon [_thread_blocked, id=18532, stack(0x000000ba5ea00000,0x000000ba5eb00000)]
  0x000002a4191a5eb0 JavaThread "Service Thread" daemon [_thread_blocked, id=19048, stack(0x000000ba5eb00000,0x000000ba5ec00000)]
  0x000002a4191a6870 JavaThread "Monitor Deflation Thread" daemon [_thread_blocked, id=13900, stack(0x000000ba5ec00000,0x000000ba5ed00000)]
=>0x000002a4191a7610 JavaThread "C2 CompilerThread0" daemon [_thread_in_native, id=8296, stack(0x000000ba5ed00000,0x000000ba5ee00000)]
  0x000002a4191aace0 JavaThread "C1 CompilerThread0" daemon [_thread_blocked, id=12556, stack(0x000000ba5ee00000,0x000000ba5ef00000)]
  0x000002a4191bddf0 JavaThread "Sweeper thread" daemon [_thread_blocked, id=13508, stack(0x000000ba5ef00000,0x000000ba5f000000)]
  0x000002a41917c8c0 JavaThread "Common-Cleaner" daemon [_thread_blocked, id=2356, stack(0x000000ba5f000000,0x000000ba5f100000)]
  0x000002a4194eeb10 JavaThread "Notification Thread" daemon [_thread_blocked, id=23392, stack(0x000000ba5f100000,0x000000ba5f200000)]
  0x000002a4605ba350 JavaThread "Daemon health stats" [_thread_blocked, id=16096, stack(0x000000ba5f800000,0x000000ba5f900000)]
  0x000002a45f9a5b30 JavaThread "Incoming local TCP Connector on port 58856" [_thread_in_native, id=22452, stack(0x000000ba5f300000,0x000000ba5f400000)]
  0x000002a460195ca0 JavaThread "Daemon periodic checks" [_thread_blocked, id=5668, stack(0x000000ba5f900000,0x000000ba5fa00000)]
  0x000002a460760a10 JavaThread "Daemon" [_thread_blocked, id=10296, stack(0x000000ba5fa00000,0x000000ba5fb00000)]
  0x000002a460b7f660 JavaThread "Handler for socket connection from /127.0.0.1:58856 to /127.0.0.1:58860" [_thread_in_native, id=14288, stack(0x000000ba5fb00000,0x000000ba5fc00000)]
  0x000002a4198e3830 JavaThread "Cancel handler" [_thread_blocked, id=11480, stack(0x000000ba5fc00000,0x000000ba5fd00000)]
  0x000002a4198e19d0 JavaThread "Daemon worker" [_thread_blocked, id=5648, stack(0x000000ba5fd00000,0x000000ba5fe00000)]
  0x000002a4198e3d40 JavaThread "Asynchronous log dispatcher for DefaultDaemonConnection: socket connection from /127.0.0.1:58856 to /127.0.0.1:58860" [_thread_blocked, id=9780, stack(0x000000ba5fe00000,0x000000ba5ff00000)]
  0x000002a4198e1ee0 JavaThread "Stdin handler" [_thread_blocked, id=2076, stack(0x000000ba5ff00000,0x000000ba60000000)]
  0x000002a4198e2900 JavaThread "Daemon client event forwarder" [_thread_blocked, id=22900, stack(0x000000ba60000000,0x000000ba60100000)]
  0x000002a4198e2e10 JavaThread "Cache worker for journal cache (C:\Users\ICON\.gradle\caches\journal-1)" [_thread_blocked, id=5948, stack(0x000000ba60100000,0x000000ba60200000)]
  0x000002a4198e0590 JavaThread "File lock request listener" [_thread_in_native, id=12048, stack(0x000000ba60200000,0x000000ba60300000)]
  0x000002a4198e0fb0 JavaThread "Cache worker for file hash cache (C:\Users\ICON\.gradle\caches\8.3\fileHashes)" [_thread_blocked, id=16340, stack(0x000000ba60700000,0x000000ba60800000)]
  0x000002a4198e0aa0 JavaThread "File watcher server" daemon [_thread_in_native, id=2544, stack(0x000000ba60800000,0x000000ba60900000)]
  0x000002a462eee3e0 JavaThread "File watcher consumer" daemon [_thread_blocked, id=24076, stack(0x000000ba60900000,0x000000ba60a00000)]
  0x000002a462ef39f0 JavaThread "Cache worker for checksums cache (D:\College\Graduation Project\final_thriving_together\final_thriving_together\android\.gradle\8.3\checksums)" [_thread_blocked, id=5036, stack(0x000000ba60a00000,0x000000ba60b00000)]
  0x000002a462ef34e0 JavaThread "Cache worker for file hash cache (D:\College\Graduation Project\final_thriving_together\final_thriving_together\android\.gradle\8.3\fileHashes)" [_thread_blocked, id=17864, stack(0x000000ba60b00000,0x000000ba60c00000)]
  0x000002a462ef0c60 JavaThread "Cache worker for cache directory md-supplier (C:\Users\ICON\.gradle\caches\8.3\md-supplier)" [_thread_blocked, id=4772, stack(0x000000ba60c00000,0x000000ba60d00000)]
  0x000002a462eee8f0 JavaThread "Cache worker for file content cache (C:\Users\ICON\.gradle\caches\8.3\fileContent)" [_thread_blocked, id=7644, stack(0x000000ba60d00000,0x000000ba60e00000)]
  0x000002a462eef820 JavaThread "Cache worker for cache directory md-rule (C:\Users\ICON\.gradle\caches\8.3\md-rule)" [_thread_blocked, id=7432, stack(0x000000ba60600000,0x000000ba60700000)]
  0x000002a462ef1680 JavaThread "Cache worker for execution history cache (C:\Users\ICON\.gradle\caches\8.3\executionHistory)" [_thread_blocked, id=3488, stack(0x000000ba60f00000,0x000000ba61000000)]
  0x000002a462eecfa0 JavaThread "jar transforms" [_thread_blocked, id=22564, stack(0x000000ba61100000,0x000000ba61200000)]
  0x000002a462eefd30 JavaThread "Cache worker for kotlin-dsl (C:\Users\ICON\.gradle\caches\8.3\kotlin-dsl)" [_thread_blocked, id=5896, stack(0x000000ba61200000,0x000000ba61300000)]
  0x000002a462eed9c0 JavaThread "jar transforms Thread 2" [_thread_blocked, id=6136, stack(0x000000ba61300000,0x000000ba61400000)]
  0x000002a462eeded0 JavaThread "jar transforms Thread 3" [_thread_blocked, id=17068, stack(0x000000ba61400000,0x000000ba61500000)]
  0x000002a462eeee00 JavaThread "Cache worker for dependencies-accessors (D:\College\Graduation Project\final_thriving_together\final_thriving_together\android\.gradle\8.3\dependencies-accessors)" [_thread_blocked, id=20716, stack(0x000000ba61000000,0x000000ba61100000)]
  0x000002a462ef4410 JavaThread "Cache worker for Build Output Cleanup Cache (C:\flutter\packages\flutter_tools\gradle\.gradle\buildOutputCleanup)" [_thread_blocked, id=19788, stack(0x000000ba61600000,0x000000ba61700000)]
  0x000002a462eef310 JavaThread "jar transforms Thread 4" [_thread_blocked, id=15724, stack(0x000000ba61700000,0x000000ba61800000)]
  0x000002a462ef0240 JavaThread "jar transforms Thread 5" [_thread_blocked, id=22784, stack(0x000000ba61800000,0x000000ba61900000)]
  0x000002a462ef1170 JavaThread "Unconstrained build operations" [_thread_blocked, id=5912, stack(0x000000ba61900000,0x000000ba61a00000)]
  0x000002a462ef0750 JavaThread "Unconstrained build operations Thread 2" [_thread_blocked, id=7680, stack(0x000000ba61a00000,0x000000ba61b00000)]
  0x000002a462eed4b0 JavaThread "Unconstrained build operations Thread 3" [_thread_blocked, id=19980, stack(0x000000ba61b00000,0x000000ba61c00000)]
  0x000002a462ef20a0 JavaThread "Unconstrained build operations Thread 4" [_thread_blocked, id=14940, stack(0x000000ba61c00000,0x000000ba61d00000)]
  0x000002a462ef25b0 JavaThread "Unconstrained build operations Thread 5" [_thread_blocked, id=12616, stack(0x000000ba61d00000,0x000000ba61e00000)]
  0x000002a462ef2ac0 JavaThread "Unconstrained build operations Thread 6" [_thread_blocked, id=19124, stack(0x000000ba61e00000,0x000000ba61f00000)]
  0x000002a462ef2fd0 JavaThread "Unconstrained build operations Thread 7" [_thread_blocked, id=4952, stack(0x000000ba61f00000,0x000000ba62000000)]
  0x000002a4198e14c0 JavaThread "jar transforms Thread 6" [_thread_blocked, id=23400, stack(0x000000ba62000000,0x000000ba62100000)]
  0x000002a4198e23f0 JavaThread "jar transforms Thread 7" [_thread_blocked, id=17896, stack(0x000000ba62100000,0x000000ba62200000)]
  0x000002a462ba9b80 JavaThread "jar transforms Thread 8" [_thread_blocked, id=3860, stack(0x000000ba62200000,0x000000ba62300000)]
  0x000002a462ba7810 JavaThread "Memory manager" [_thread_blocked, id=24300, stack(0x000000ba62300000,0x000000ba62400000)]
  0x000002a462ba63d0 JavaThread "build event listener" [_thread_blocked, id=12532, stack(0x000000ba62400000,0x000000ba62500000)]
  0x000002a462baa5a0 JavaThread "included builds" [_thread_blocked, id=23352, stack(0x000000ba61500000,0x000000ba61600000)]
  0x000002a462ba4a80 JavaThread "Execution worker" [_thread_blocked, id=7104, stack(0x000000ba62500000,0x000000ba62600000)]
  0x000002a462baaab0 JavaThread "Execution worker Thread 2" [_thread_blocked, id=24532, stack(0x000000ba62600000,0x000000ba62700000)]
  0x000002a462baafc0 JavaThread "Execution worker Thread 3" [_thread_blocked, id=6344, stack(0x000000ba62700000,0x000000ba62800000)]
  0x000002a462ba8740 JavaThread "Execution worker Thread 4" [_thread_blocked, id=5100, stack(0x000000ba62800000,0x000000ba62900000)]
  0x000002a462bab9e0 JavaThread "Execution worker Thread 5" [_thread_blocked, id=10924, stack(0x000000ba62900000,0x000000ba62a00000)]
  0x000002a462ba59b0 JavaThread "Execution worker Thread 6" [_thread_blocked, id=16152, stack(0x000000ba62a00000,0x000000ba62b00000)]
  0x000002a462ba5ec0 JavaThread "Execution worker Thread 7" [_thread_blocked, id=16328, stack(0x000000ba62b00000,0x000000ba62c00000)]
  0x000002a462ba68e0 JavaThread "Cache worker for execution history cache (C:\flutter\packages\flutter_tools\gradle\.gradle\8.3\executionHistory)" [_thread_blocked, id=21496, stack(0x000000ba62c00000,0x000000ba62d00000)]
  0x000002a462ba54a0 JavaThread "Unconstrained build operations Thread 8" [_thread_blocked, id=19016, stack(0x000000ba62d00000,0x000000ba62e00000)]
  0x000002a462ba7300 JavaThread "Unconstrained build operations Thread 9" [_thread_blocked, id=1760, stack(0x000000ba62e00000,0x000000ba62f00000)]
  0x000002a462ba8230 JavaThread "Unconstrained build operations Thread 10" [_thread_blocked, id=16504, stack(0x000000ba62f00000,0x000000ba63000000)]
  0x000002a462ba9670 JavaThread "Unconstrained build operations Thread 11" [_thread_blocked, id=10440, stack(0x000000ba63000000,0x000000ba63100000)]
  0x000002a462ba6df0 JavaThread "Unconstrained build operations Thread 12" [_thread_blocked, id=20456, stack(0x000000ba63100000,0x000000ba63200000)]
  0x000002a462ba7d20 JavaThread "Unconstrained build operations Thread 13" [_thread_blocked, id=2116, stack(0x000000ba63200000,0x000000ba63300000)]
  0x000002a463b06680 JavaThread "Unconstrained build operations Thread 14" [_thread_blocked, id=18844, stack(0x000000ba63300000,0x000000ba63400000)]
  0x000002a463b06170 JavaThread "Unconstrained build operations Thread 15" [_thread_blocked, id=16712, stack(0x000000ba63400000,0x000000ba63500000)]
  0x000002a463b04820 JavaThread "Unconstrained build operations Thread 16" [_thread_blocked, id=10808, stack(0x000000ba63500000,0x000000ba63600000)]
  0x000002a463b01580 JavaThread "Unconstrained build operations Thread 17" [_thread_blocked, id=1348, stack(0x000000ba63600000,0x000000ba63700000)]
  0x000002a463b00b60 JavaThread "Unconstrained build operations Thread 18" [_thread_blocked, id=4472, stack(0x000000ba63700000,0x000000ba63800000)]
  0x000002a463b00650 JavaThread "Unconstrained build operations Thread 19" [_thread_blocked, id=15224, stack(0x000000ba63800000,0x000000ba63900000)]
  0x000002a463b01070 JavaThread "Unconstrained build operations Thread 20" [_thread_blocked, id=24020, stack(0x000000ba63900000,0x000000ba63a00000)]
  0x000002a463b04310 JavaThread "Unconstrained build operations Thread 21" [_thread_blocked, id=1940, stack(0x000000ba63a00000,0x000000ba63b00000)]
  0x000002a463b01a90 JavaThread "Unconstrained build operations Thread 22" [_thread_blocked, id=14480, stack(0x000000ba63c00000,0x000000ba63d00000)]
  0x000002a463b01fa0 JavaThread "Unconstrained build operations Thread 23" [_thread_blocked, id=13328, stack(0x000000ba63d00000,0x000000ba63e00000)]
  0x000002a463b033e0 JavaThread "Unconstrained build operations Thread 24" [_thread_blocked, id=13416, stack(0x000000ba63e00000,0x000000ba63f00000)]
  0x000002a463aff210 JavaThread "Unconstrained build operations Thread 25" [_thread_blocked, id=13940, stack(0x000000ba63f00000,0x000000ba64000000)]
  0x000002a463aff720 JavaThread "Unconstrained build operations Thread 26" [_thread_blocked, id=16484, stack(0x000000ba64000000,0x000000ba64100000)]
  0x000002a463b04d30 JavaThread "Unconstrained build operations Thread 27" [_thread_blocked, id=7872, stack(0x000000ba64100000,0x000000ba64200000)]
  0x000002a463b038f0 JavaThread "Unconstrained build operations Thread 28" [_thread_blocked, id=1100, stack(0x000000ba64200000,0x000000ba64300000)]
  0x000002a463b05750 JavaThread "Unconstrained build operations Thread 29" [_thread_blocked, id=4700, stack(0x000000ba64300000,0x000000ba64400000)]
  0x000002a463affc30 JavaThread "Unconstrained build operations Thread 30" [_thread_blocked, id=6000, stack(0x000000ba64400000,0x000000ba64500000)]
  0x000002a463b06b90 JavaThread "Unconstrained build operations Thread 31" [_thread_blocked, id=6992, stack(0x000000ba64500000,0x000000ba64600000)]
  0x000002a463b024b0 JavaThread "Unconstrained build operations Thread 32" [_thread_blocked, id=17400, stack(0x000000ba64600000,0x000000ba64700000)]
  0x000002a463b00140 JavaThread "Unconstrained build operations Thread 33" [_thread_blocked, id=24292, stack(0x000000ba64700000,0x000000ba64800000)]
  0x000002a463b05240 JavaThread "WorkerExecutor Queue" [_thread_blocked, id=4076, stack(0x000000ba64800000,0x000000ba64900000)]
  0x000002a463b05c60 JavaThread "RMI Scheduler(0)" daemon [_thread_blocked, id=9736, stack(0x000000ba63b00000,0x000000ba63c00000)]
  0x000002a45f6c39c0 JavaThread "RMI GC Daemon" daemon [_thread_blocked, id=12588, stack(0x000000ba64a00000,0x000000ba64b00000)]
  0x000002a45f6c2580 JavaThread "RMI TCP Accept-0" daemon [_thread_in_native, id=1484, stack(0x000000ba64b00000,0x000000ba64c00000)]
  0x000002a45f6c3ed0 JavaThread "RMI Reaper" [_thread_blocked, id=24084, stack(0x000000ba64c00000,0x000000ba64d00000)]
  0x000002a45f6c2a90 JavaThread "RMI TCP Connection(idle)" daemon [_thread_blocked, id=20948, stack(0x000000ba64e00000,0x000000ba64f00000)]
  0x000002a45f6c43e0 JavaThread "Exec process" [_thread_in_native, id=4680, stack(0x000000ba64f00000,0x000000ba65000000)]
  0x000002a45f6c34b0 JavaThread "Exec process Thread 2" [_thread_blocked, id=17980, stack(0x000000ba65100000,0x000000ba65200000)]
  0x000002a45f6c5310 JavaThread "Exec process Thread 3" [_thread_in_native, id=12140, stack(0x000000ba65200000,0x000000ba65300000)]
  0x000002a45f6c5820 JavaThread "Exec process Thread 4" [_thread_in_native, id=14176, stack(0x000000ba65300000,0x000000ba65400000)]
  0x000002a463149ff0 JavaThread "Unconstrained build operations Thread 34" [_thread_blocked, id=2540, stack(0x000000ba65900000,0x000000ba65a00000)]
  0x000002a4631449e0 JavaThread "Unconstrained build operations Thread 35" [_thread_blocked, id=5476, stack(0x000000ba65a00000,0x000000ba65b00000)]
  0x000002a463143fc0 JavaThread "Unconstrained build operations Thread 36" [_thread_blocked, id=11160, stack(0x000000ba65b00000,0x000000ba65c00000)]
  0x000002a463146330 JavaThread "Unconstrained build operations Thread 37" [_thread_blocked, id=18488, stack(0x000000ba65c00000,0x000000ba65d00000)]
  0x000002a463145910 JavaThread "Unconstrained build operations Thread 38" [_thread_blocked, id=16996, stack(0x000000ba65d00000,0x000000ba65e00000)]
  0x000002a463147260 JavaThread "Unconstrained build operations Thread 39" [_thread_blocked, id=21928, stack(0x000000ba65e00000,0x000000ba65f00000)]
  0x000002a4631435a0 JavaThread "Unconstrained build operations Thread 40" [_thread_blocked, id=15508, stack(0x000000ba65f00000,0x000000ba66000000)]
  0x000002a4631495d0 JavaThread "Cache worker for Build Output Cleanup Cache (D:\College\Graduation Project\final_thriving_together\final_thriving_together\android\.gradle\buildOutputCleanup)" [_thread_blocked, id=5848, stack(0x000000ba64900000,0x000000ba64a00000)]
  0x000002a46314aa10 JavaThread "Unconstrained build operations Thread 41" [_thread_blocked, id=19656, stack(0x000000ba65000000,0x000000ba65100000)]
  0x000002a463146840 JavaThread "Unconstrained build operations Thread 42" [_thread_blocked, id=2008, stack(0x000000ba65400000,0x000000ba65500000)]
  0x000002a4631444d0 JavaThread "Unconstrained build operations Thread 43" [_thread_blocked, id=22868, stack(0x000000ba65500000,0x000000ba65600000)]
  0x000002a463148bb0 JavaThread "Unconstrained build operations Thread 44" [_thread_blocked, id=18200, stack(0x000000ba65600000,0x000000ba65700000)]
  0x000002a4631486a0 JavaThread "Unconstrained build operations Thread 45" [_thread_blocked, id=13728, stack(0x000000ba65700000,0x000000ba65800000)]
  0x000002a463147770 JavaThread "Unconstrained build operations Thread 46" [_thread_blocked, id=15932, stack(0x000000ba66000000,0x000000ba66100000)]
  0x000002a46314a500 JavaThread "Unconstrained build operations Thread 47" [_thread_blocked, id=12348, stack(0x000000ba66100000,0x000000ba66200000)]
  0x000002a463149ae0 JavaThread "Unconstrained build operations Thread 48" [_thread_blocked, id=8804, stack(0x000000ba66300000,0x000000ba66400000)]
  0x000002a463143ab0 JavaThread "Unconstrained build operations Thread 49" [_thread_blocked, id=11504, stack(0x000000ba66400000,0x000000ba66500000)]
  0x000002a463144ef0 JavaThread "Unconstrained build operations Thread 50" [_thread_blocked, id=23188, stack(0x000000ba66500000,0x000000ba66600000)]
  0x000002a463145400 JavaThread "Unconstrained build operations Thread 51" [_thread_blocked, id=1916, stack(0x000000ba66600000,0x000000ba66700000)]
  0x000002a45f6c2fa0 JavaThread "Unconstrained build operations Thread 52" [_thread_blocked, id=9100, stack(0x000000ba66700000,0x000000ba66800000)]
  0x000002a45f6c2070 JavaThread "Unconstrained build operations Thread 53" [_thread_blocked, id=1552, stack(0x000000ba66800000,0x000000ba66900000)]
  0x000002a45f6c4e00 JavaThread "Unconstrained build operations Thread 54" [_thread_blocked, id=5076, stack(0x000000ba66900000,0x000000ba66a00000)]
  0x000002a469a71600 JavaThread "Unconstrained build operations Thread 55" [_thread_blocked, id=12572, stack(0x000000ba66a00000,0x000000ba66b00000)]
  0x000002a469a6ca10 JavaThread "Unconstrained build operations Thread 56" [_thread_blocked, id=12784, stack(0x000000ba66b00000,0x000000ba66c00000)]
  0x000002a469a6c500 JavaThread "Unconstrained build operations Thread 57" [_thread_blocked, id=14748, stack(0x000000ba66c00000,0x000000ba66d00000)]
  0x000002a469a6e870 JavaThread "Unconstrained build operations Thread 58" [_thread_blocked, id=21448, stack(0x000000ba66d00000,0x000000ba66e00000)]
  0x000002a469a71b10 JavaThread "Unconstrained build operations Thread 59" [_thread_blocked, id=22816, stack(0x000000ba66e00000,0x000000ba66f00000)]
  0x000002a469a6fcb0 JavaThread "Unconstrained build operations Thread 60" [_thread_blocked, id=19968, stack(0x000000ba66f00000,0x000000ba67000000)]
  0x000002a469a6e360 JavaThread "Unconstrained build operations Thread 61" [_thread_blocked, id=5824, stack(0x000000ba67000000,0x000000ba67100000)]
  0x000002a469a6bff0 JavaThread "Unconstrained build operations Thread 62" [_thread_blocked, id=4168, stack(0x000000ba67100000,0x000000ba67200000)]
  0x000002a469a6cf20 JavaThread "Unconstrained build operations Thread 63" [_thread_blocked, id=19976, stack(0x000000ba67200000,0x000000ba67300000)]
  0x000002a469a72020 JavaThread "Unconstrained build operations Thread 64" [_thread_blocked, id=12432, stack(0x000000ba67300000,0x000000ba67400000)]
  0x000002a469a701c0 JavaThread "Unconstrained build operations Thread 65" [_thread_blocked, id=23548, stack(0x000000ba67400000,0x000000ba67500000)]
  0x000002a469a70be0 JavaThread "Unconstrained build operations Thread 66" [_thread_blocked, id=15088, stack(0x000000ba67500000,0x000000ba67600000)]
  0x000002a469a72530 JavaThread "Unconstrained build operations Thread 67" [_thread_blocked, id=10376, stack(0x000000ba67600000,0x000000ba67700000)]
  0x000002a469a706d0 JavaThread "Unconstrained build operations Thread 68" [_thread_blocked, id=12540, stack(0x000000ba67700000,0x000000ba67800000)]
  0x000002a4198e3320 JavaThread "Cache worker for execution history cache (D:\College\Graduation Project\final_thriving_together\final_thriving_together\android\.gradle\8.3\executionHistory)" [_thread_blocked, id=1488, stack(0x000000ba67800000,0x000000ba67900000)]

Other Threads:
  0x000002a41918c120 VMThread "VM Thread" [stack: 0x000000ba5e600000,0x000000ba5e700000] [id=11768]
  0x000002a419495a40 WatcherThread [stack: 0x000000ba5f200000,0x000000ba5f300000] [id=8628]
  0x000002a476235bc0 GCTaskThread "GC Thread#0" [stack: 0x000000ba5e100000,0x000000ba5e200000] [id=6872]
  0x000002a4197d2ef0 GCTaskThread "GC Thread#1" [stack: 0x000000ba5f400000,0x000000ba5f500000] [id=16624]
  0x000002a419d31070 GCTaskThread "GC Thread#2" [stack: 0x000000ba5f500000,0x000000ba5f600000] [id=18976]
  0x000002a4197d31b0 GCTaskThread "GC Thread#3" [stack: 0x000000ba5f600000,0x000000ba5f700000] [id=6708]
  0x000002a419d8fbb0 GCTaskThread "GC Thread#4" [stack: 0x000000ba5f700000,0x000000ba5f800000] [id=6996]
  0x000002a4600e4890 GCTaskThread "GC Thread#5" [stack: 0x000000ba60300000,0x000000ba60400000] [id=9836]
  0x000002a4601405e0 GCTaskThread "GC Thread#6" [stack: 0x000000ba60400000,0x000000ba60500000] [id=11464]
  0x000002a4607a6b00 GCTaskThread "GC Thread#7" [stack: 0x000000ba60500000,0x000000ba60600000] [id=3632]
  0x000002a476246b10 ConcurrentGCThread "G1 Main Marker" [stack: 0x000000ba5e200000,0x000000ba5e300000] [id=21980]
  0x000002a476247520 ConcurrentGCThread "G1 Conc#0" [stack: 0x000000ba5e300000,0x000000ba5e400000] [id=16740]
  0x000002a4620eeae0 ConcurrentGCThread "G1 Conc#1" [stack: 0x000000ba60e00000,0x000000ba60f00000] [id=13796]
  0x000002a4190420b0 ConcurrentGCThread "G1 Refine#0" [stack: 0x000000ba5e400000,0x000000ba5e500000] [id=7404]
  0x000002a4190428f0 ConcurrentGCThread "G1 Service" [stack: 0x000000ba5e500000,0x000000ba5e600000] [id=22980]

Threads with active compile tasks:
C2 CompilerThread0    68245 14800   !   4       java.util.concurrent.LinkedBlockingQueue::poll (128 bytes)

VM state: not at safepoint (normal execution)

VM Mutex/Monitor currently owned by a thread: None

Heap address: 0x0000000700000000, size: 4096 MB, Compressed Oops mode: Zero based, Oop shift amount: 3

CDS archive(s) mapped at: [0x000002a41a000000-0x000002a41abd0000-0x000002a41abd0000), size 12386304, SharedBaseAddress: 0x000002a41a000000, ArchiveRelocationMode: 1.
Compressed class space mapped at: 0x000002a41b000000-0x000002a45b000000, reserved size: 1073741824
Narrow klass base: 0x000002a41a000000, Narrow klass shift: 0, Narrow klass range: 0x100000000

GC Precious Log:
 CPUs: 8 total, 8 available
 Memory: 7914M
 Large Page Support: Disabled
 NUMA Support: Disabled
 Compressed Oops: Enabled (Zero based)
 Heap Region Size: 2M
 Heap Min Capacity: 8M
 Heap Initial Capacity: 124M
 Heap Max Capacity: 4G
 Pre-touch: Disabled
 Parallel Workers: 8
 Concurrent Workers: 2
 Concurrent Refinement Workers: 8
 Periodic GC: Disabled

Heap:
 garbage-first heap   total 253952K, used 201801K [0x0000000700000000, 0x0000000800000000)
  region size 2048K, 16 young (32768K), 3 survivors (6144K)
 Metaspace       used 111276K, committed 112448K, reserved 1179648K
  class space    used 15559K, committed 16128K, reserved 1048576K

Heap Regions: E=young(eden), S=young(survivor), O=old, HS=humongous(starts), HC=humongous(continues), CS=collection set, F=free, OA=open archive, CA=closed archive, TAMS=top-at-mark-start (previous, next)
|   0|0x0000000700000000, 0x0000000700200000, 0x0000000700200000|100%|HS|  |TAMS 0x0000000700200000, 0x0000000700000000| Complete 
|   1|0x0000000700200000, 0x0000000700400000, 0x0000000700400000|100%|HC|  |TAMS 0x0000000700400000, 0x0000000700200000| Complete 
|   2|0x0000000700400000, 0x0000000700600000, 0x0000000700600000|100%| O|  |TAMS 0x0000000700600000, 0x0000000700400000| Untracked 
|   3|0x0000000700600000, 0x0000000700800000, 0x0000000700800000|100%| O|  |TAMS 0x0000000700800000, 0x0000000700600000| Untracked 
|   4|0x0000000700800000, 0x0000000700a00000, 0x0000000700a00000|100%| O|  |TAMS 0x0000000700a00000, 0x0000000700800000| Untracked 
|   5|0x0000000700a00000, 0x0000000700c00000, 0x0000000700c00000|100%| O|  |TAMS 0x0000000700c00000, 0x0000000700a00000| Untracked 
|   6|0x0000000700c00000, 0x0000000700e00000, 0x0000000700e00000|100%| O|  |TAMS 0x0000000700e00000, 0x0000000700c00000| Untracked 
|   7|0x0000000700e00000, 0x0000000701000000, 0x0000000701000000|100%| O|  |TAMS 0x0000000701000000, 0x0000000700e00000| Untracked 
|   8|0x0000000701000000, 0x0000000701200000, 0x0000000701200000|100%| O|  |TAMS 0x0000000701200000, 0x0000000701000000| Untracked 
|   9|0x0000000701200000, 0x0000000701400000, 0x0000000701400000|100%|HS|  |TAMS 0x0000000701400000, 0x0000000701200000| Complete 
|  10|0x0000000701400000, 0x0000000701600000, 0x0000000701600000|100%| O|  |TAMS 0x0000000701600000, 0x0000000701400000| Untracked 
|  11|0x0000000701600000, 0x0000000701800000, 0x0000000701800000|100%| O|  |TAMS 0x0000000701800000, 0x0000000701600000| Untracked 
|  12|0x0000000701800000, 0x0000000701a00000, 0x0000000701a00000|100%| O|  |TAMS 0x0000000701a00000, 0x0000000701800000| Untracked 
|  13|0x0000000701a00000, 0x0000000701c00000, 0x0000000701c00000|100%| O|  |TAMS 0x0000000701c00000, 0x0000000701a00000| Untracked 
|  14|0x0000000701c00000, 0x0000000701e00000, 0x0000000701e00000|100%| O|  |TAMS 0x0000000701e00000, 0x0000000701c00000| Untracked 
|  15|0x0000000701e00000, 0x0000000702000000, 0x0000000702000000|100%| O|  |TAMS 0x0000000702000000, 0x0000000701e00000| Untracked 
|  16|0x0000000702000000, 0x0000000702200000, 0x0000000702200000|100%| O|  |TAMS 0x0000000702200000, 0x0000000702000000| Untracked 
|  17|0x0000000702200000, 0x0000000702400000, 0x0000000702400000|100%|HS|  |TAMS 0x0000000702400000, 0x0000000702200000| Complete 
|  18|0x0000000702400000, 0x0000000702600000, 0x0000000702600000|100%|HS|  |TAMS 0x0000000702600000, 0x0000000702400000| Complete 
|  19|0x0000000702600000, 0x0000000702800000, 0x0000000702800000|100%|HC|  |TAMS 0x0000000702800000, 0x0000000702600000| Complete 
|  20|0x0000000702800000, 0x0000000702a00000, 0x0000000702a00000|100%|HS|  |TAMS 0x0000000702a00000, 0x0000000702800000| Complete 
|  21|0x0000000702a00000, 0x0000000702c00000, 0x0000000702c00000|100%|HC|  |TAMS 0x0000000702c00000, 0x0000000702a00000| Complete 
|  22|0x0000000702c00000, 0x0000000702e00000, 0x0000000702e00000|100%| O|  |TAMS 0x0000000702e00000, 0x0000000702c00000| Untracked 
|  23|0x0000000702e00000, 0x0000000703000000, 0x0000000703000000|100%| O|  |TAMS 0x0000000703000000, 0x0000000702e00000| Untracked 
|  24|0x0000000703000000, 0x0000000703200000, 0x0000000703200000|100%| O|  |TAMS 0x0000000703200000, 0x0000000703000000| Untracked 
|  25|0x0000000703200000, 0x0000000703400000, 0x0000000703400000|100%| O|  |TAMS 0x0000000703400000, 0x0000000703200000| Untracked 
|  26|0x0000000703400000, 0x0000000703600000, 0x0000000703600000|100%| O|  |TAMS 0x0000000703600000, 0x0000000703400000| Untracked 
|  27|0x0000000703600000, 0x0000000703800000, 0x0000000703800000|100%| O|  |TAMS 0x0000000703800000, 0x0000000703600000| Untracked 
|  28|0x0000000703800000, 0x0000000703a00000, 0x0000000703a00000|100%| O|  |TAMS 0x0000000703a00000, 0x0000000703800000| Untracked 
|  29|0x0000000703a00000, 0x0000000703c00000, 0x0000000703c00000|100%| O|  |TAMS 0x0000000703c00000, 0x0000000703a00000| Untracked 
|  30|0x0000000703c00000, 0x0000000703e00000, 0x0000000703e00000|100%|HS|  |TAMS 0x0000000703c00000, 0x0000000703c00000| Complete 
|  31|0x0000000703e00000, 0x0000000704000000, 0x0000000704000000|100%| O|  |TAMS 0x0000000704000000, 0x0000000703e00000| Untracked 
|  32|0x0000000704000000, 0x0000000704200000, 0x0000000704200000|100%|HS|  |TAMS 0x0000000704200000, 0x0000000704000000| Complete 
|  33|0x0000000704200000, 0x0000000704400000, 0x0000000704400000|100%| O|  |TAMS 0x0000000704200000, 0x0000000704200000| Untracked 
|  34|0x0000000704400000, 0x0000000704600000, 0x0000000704600000|100%| O|  |TAMS 0x0000000704400000, 0x0000000704400000| Untracked 
|  35|0x0000000704600000, 0x0000000704800000, 0x0000000704800000|100%| O|  |TAMS 0x0000000704600000, 0x0000000704600000| Untracked 
|  36|0x0000000704800000, 0x0000000704a00000, 0x0000000704a00000|100%|HS|  |TAMS 0x0000000704800000, 0x0000000704800000| Complete 
|  37|0x0000000704a00000, 0x0000000704c00000, 0x0000000704c00000|100%|HC|  |TAMS 0x0000000704a00000, 0x0000000704a00000| Complete 
|  38|0x0000000704c00000, 0x0000000704e00000, 0x0000000704e00000|100%| O|  |TAMS 0x0000000704c00000, 0x0000000704c00000| Untracked 
|  39|0x0000000704e00000, 0x0000000705000000, 0x0000000705000000|100%| O|  |TAMS 0x0000000704e00000, 0x0000000704e00000| Untracked 
|  40|0x0000000705000000, 0x0000000705200000, 0x0000000705200000|100%| O|  |TAMS 0x0000000705000000, 0x0000000705000000| Untracked 
|  41|0x0000000705200000, 0x0000000705400000, 0x0000000705400000|100%| O|  |TAMS 0x0000000705200000, 0x0000000705200000| Untracked 
|  42|0x0000000705400000, 0x0000000705600000, 0x0000000705600000|100%| O|  |TAMS 0x0000000705400000, 0x0000000705400000| Untracked 
|  43|0x0000000705600000, 0x0000000705800000, 0x0000000705800000|100%| O|  |TAMS 0x0000000705600000, 0x0000000705600000| Untracked 
|  44|0x0000000705800000, 0x0000000705a00000, 0x0000000705a00000|100%| O|  |TAMS 0x0000000705800000, 0x0000000705800000| Untracked 
|  45|0x0000000705a00000, 0x0000000705c00000, 0x0000000705c00000|100%| O|  |TAMS 0x0000000705a00000, 0x0000000705a00000| Untracked 
|  46|0x0000000705c00000, 0x0000000705e00000, 0x0000000705e00000|100%| O|  |TAMS 0x0000000705c00000, 0x0000000705c00000| Untracked 
|  47|0x0000000705e00000, 0x0000000706000000, 0x0000000706000000|100%| O|  |TAMS 0x0000000705e00000, 0x0000000705e00000| Untracked 
|  48|0x0000000706000000, 0x0000000706200000, 0x0000000706200000|100%| O|  |TAMS 0x0000000706000000, 0x0000000706000000| Untracked 
|  49|0x0000000706200000, 0x0000000706400000, 0x0000000706400000|100%| O|  |TAMS 0x0000000706200000, 0x0000000706200000| Untracked 
|  50|0x0000000706400000, 0x0000000706600000, 0x0000000706600000|100%|HS|  |TAMS 0x0000000706400000, 0x0000000706400000| Complete 
|  51|0x0000000706600000, 0x0000000706800000, 0x0000000706800000|100%|HC|  |TAMS 0x0000000706600000, 0x0000000706600000| Complete 
|  52|0x0000000706800000, 0x0000000706a00000, 0x0000000706a00000|100%| O|  |TAMS 0x0000000706800000, 0x0000000706800000| Untracked 
|  53|0x0000000706a00000, 0x0000000706c00000, 0x0000000706c00000|100%| O|  |TAMS 0x0000000706a00000, 0x0000000706a00000| Untracked 
|  54|0x0000000706c00000, 0x0000000706e00000, 0x0000000706e00000|100%| O|  |TAMS 0x0000000706c00000, 0x0000000706c00000| Untracked 
|  55|0x0000000706e00000, 0x0000000707000000, 0x0000000707000000|100%| O|  |TAMS 0x0000000706e00000, 0x0000000706e00000| Untracked 
|  56|0x0000000707000000, 0x0000000707200000, 0x0000000707200000|100%|HS|  |TAMS 0x0000000707000000, 0x0000000707000000| Complete 
|  57|0x0000000707200000, 0x0000000707400000, 0x0000000707400000|100%|HC|  |TAMS 0x0000000707200000, 0x0000000707200000| Complete 
|  58|0x0000000707400000, 0x0000000707600000, 0x0000000707600000|100%|HS|  |TAMS 0x0000000707400000, 0x0000000707400000| Complete 
|  59|0x0000000707600000, 0x0000000707800000, 0x0000000707800000|100%| O|  |TAMS 0x0000000707600000, 0x0000000707600000| Untracked 
|  60|0x0000000707800000, 0x0000000707a00000, 0x0000000707a00000|100%| O|  |TAMS 0x0000000707800000, 0x0000000707800000| Untracked 
|  61|0x0000000707a00000, 0x0000000707c00000, 0x0000000707c00000|100%| O|  |TAMS 0x0000000707a00000, 0x0000000707a00000| Untracked 
|  62|0x0000000707c00000, 0x0000000707e00000, 0x0000000707e00000|100%| O|  |TAMS 0x0000000707c00000, 0x0000000707c00000| Untracked 
|  63|0x0000000707e00000, 0x0000000708000000, 0x0000000708000000|100%| O|  |TAMS 0x0000000707e00000, 0x0000000707e00000| Untracked 
|  64|0x0000000708000000, 0x0000000708200000, 0x0000000708200000|100%| O|  |TAMS 0x0000000708000000, 0x0000000708000000| Untracked 
|  65|0x0000000708200000, 0x0000000708400000, 0x0000000708400000|100%| O|  |TAMS 0x0000000708200000, 0x0000000708200000| Untracked 
|  66|0x0000000708400000, 0x0000000708600000, 0x0000000708600000|100%| O|  |TAMS 0x0000000708400000, 0x0000000708400000| Untracked 
|  67|0x0000000708600000, 0x0000000708800000, 0x0000000708800000|100%| O|  |TAMS 0x0000000708600000, 0x0000000708600000| Untracked 
|  68|0x0000000708800000, 0x0000000708a00000, 0x0000000708a00000|100%| O|  |TAMS 0x0000000708800000, 0x0000000708800000| Untracked 
|  69|0x0000000708a00000, 0x0000000708c00000, 0x0000000708c00000|100%| O|  |TAMS 0x0000000708a00000, 0x0000000708a00000| Untracked 
|  70|0x0000000708c00000, 0x0000000708e00000, 0x0000000708e00000|100%| O|  |TAMS 0x0000000708c00000, 0x0000000708c00000| Untracked 
|  71|0x0000000708e00000, 0x0000000709000000, 0x0000000709000000|100%| O|  |TAMS 0x0000000708e00000, 0x0000000708e00000| Untracked 
|  72|0x0000000709000000, 0x0000000709200000, 0x0000000709200000|100%| O|  |TAMS 0x0000000709000000, 0x0000000709000000| Untracked 
|  73|0x0000000709200000, 0x0000000709400000, 0x0000000709400000|100%|HS|  |TAMS 0x0000000709200000, 0x0000000709200000| Complete 
|  74|0x0000000709400000, 0x0000000709600000, 0x0000000709600000|100%| O|  |TAMS 0x0000000709400000, 0x0000000709400000| Untracked 
|  75|0x0000000709600000, 0x0000000709800000, 0x0000000709800000|100%| O|  |TAMS 0x0000000709600000, 0x0000000709600000| Untracked 
|  76|0x0000000709800000, 0x0000000709a00000, 0x0000000709a00000|100%| O|  |TAMS 0x0000000709800000, 0x0000000709800000| Untracked 
|  77|0x0000000709a00000, 0x0000000709c00000, 0x0000000709c00000|100%| O|  |TAMS 0x0000000709a00000, 0x0000000709a00000| Untracked 
|  78|0x0000000709c00000, 0x0000000709e00000, 0x0000000709e00000|100%| O|  |TAMS 0x0000000709c00000, 0x0000000709c00000| Untracked 
|  79|0x0000000709e00000, 0x000000070a000000, 0x000000070a000000|100%| O|  |TAMS 0x0000000709e00000, 0x0000000709e00000| Untracked 
|  80|0x000000070a000000, 0x000000070a200000, 0x000000070a200000|100%| O|  |TAMS 0x000000070a000000, 0x000000070a000000| Untracked 
|  81|0x000000070a200000, 0x000000070a400000, 0x000000070a400000|100%| O|  |TAMS 0x000000070a200000, 0x000000070a200000| Untracked 
|  82|0x000000070a400000, 0x000000070a600000, 0x000000070a600000|100%| O|  |TAMS 0x000000070a400000, 0x000000070a400000| Untracked 
|  83|0x000000070a600000, 0x000000070a800000, 0x000000070a800000|100%| O|  |TAMS 0x000000070a600000, 0x000000070a600000| Untracked 
|  84|0x000000070a800000, 0x000000070a912400, 0x000000070aa00000| 53%| O|  |TAMS 0x000000070a800000, 0x000000070a800000| Untracked 
|  85|0x000000070aa00000, 0x000000070aa00000, 0x000000070ac00000|  0%| F|  |TAMS 0x000000070aa00000, 0x000000070aa00000| Untracked 
|  86|0x000000070ac00000, 0x000000070ac00000, 0x000000070ae00000|  0%| F|  |TAMS 0x000000070ac00000, 0x000000070ac00000| Untracked 
|  87|0x000000070ae00000, 0x000000070ae00000, 0x000000070b000000|  0%| F|  |TAMS 0x000000070ae00000, 0x000000070ae00000| Untracked 
|  88|0x000000070b000000, 0x000000070b000000, 0x000000070b200000|  0%| F|  |TAMS 0x000000070b000000, 0x000000070b000000| Untracked 
|  89|0x000000070b200000, 0x000000070b200000, 0x000000070b400000|  0%| F|  |TAMS 0x000000070b200000, 0x000000070b200000| Untracked 
|  90|0x000000070b400000, 0x000000070b400000, 0x000000070b600000|  0%| F|  |TAMS 0x000000070b400000, 0x000000070b400000| Untracked 
|  91|0x000000070b600000, 0x000000070b600000, 0x000000070b800000|  0%| F|  |TAMS 0x000000070b600000, 0x000000070b600000| Untracked 
|  92|0x000000070b800000, 0x000000070b800000, 0x000000070ba00000|  0%| F|  |TAMS 0x000000070b800000, 0x000000070b800000| Untracked 
|  93|0x000000070ba00000, 0x000000070ba00000, 0x000000070bc00000|  0%| F|  |TAMS 0x000000070ba00000, 0x000000070ba00000| Untracked 
|  94|0x000000070bc00000, 0x000000070bc00000, 0x000000070be00000|  0%| F|  |TAMS 0x000000070bc00000, 0x000000070bc00000| Untracked 
|  95|0x000000070be00000, 0x000000070be00000, 0x000000070c000000|  0%| F|  |TAMS 0x000000070be00000, 0x000000070be00000| Untracked 
|  96|0x000000070c000000, 0x000000070c000000, 0x000000070c200000|  0%| F|  |TAMS 0x000000070c000000, 0x000000070c000000| Untracked 
|  97|0x000000070c200000, 0x000000070c200000, 0x000000070c400000|  0%| F|  |TAMS 0x000000070c200000, 0x000000070c200000| Untracked 
|  98|0x000000070c400000, 0x000000070c400000, 0x000000070c600000|  0%| F|  |TAMS 0x000000070c400000, 0x000000070c400000| Untracked 
|  99|0x000000070c600000, 0x000000070c600000, 0x000000070c800000|  0%| F|  |TAMS 0x000000070c600000, 0x000000070c600000| Untracked 
| 100|0x000000070c800000, 0x000000070c800000, 0x000000070ca00000|  0%| F|  |TAMS 0x000000070c800000, 0x000000070c800000| Untracked 
| 101|0x000000070ca00000, 0x000000070cc00000, 0x000000070cc00000|100%| S|CS|TAMS 0x000000070ca00000, 0x000000070ca00000| Complete 
| 102|0x000000070cc00000, 0x000000070ce00000, 0x000000070ce00000|100%| S|CS|TAMS 0x000000070cc00000, 0x000000070cc00000| Complete 
| 103|0x000000070ce00000, 0x000000070d000000, 0x000000070d000000|100%| S|CS|TAMS 0x000000070ce00000, 0x000000070ce00000| Complete 
| 104|0x000000070d000000, 0x000000070d000000, 0x000000070d200000|  0%| F|  |TAMS 0x000000070d000000, 0x000000070d000000| Untracked 
| 105|0x000000070d200000, 0x000000070d200000, 0x000000070d400000|  0%| F|  |TAMS 0x000000070d200000, 0x000000070d200000| Untracked 
| 106|0x000000070d400000, 0x000000070d400000, 0x000000070d600000|  0%| F|  |TAMS 0x000000070d400000, 0x000000070d400000| Untracked 
| 107|0x000000070d600000, 0x000000070d600000, 0x000000070d800000|  0%| F|  |TAMS 0x000000070d600000, 0x000000070d600000| Untracked 
| 108|0x000000070d800000, 0x000000070d800000, 0x000000070da00000|  0%| F|  |TAMS 0x000000070d800000, 0x000000070d800000| Untracked 
| 109|0x000000070da00000, 0x000000070da00000, 0x000000070dc00000|  0%| F|  |TAMS 0x000000070da00000, 0x000000070da00000| Untracked 
| 110|0x000000070dc00000, 0x000000070dc00000, 0x000000070de00000|  0%| F|  |TAMS 0x000000070dc00000, 0x000000070dc00000| Untracked 
| 111|0x000000070de00000, 0x000000070df77588, 0x000000070e000000| 73%| E|  |TAMS 0x000000070de00000, 0x000000070de00000| Complete 
| 112|0x000000070e000000, 0x000000070e200000, 0x000000070e200000|100%| E|CS|TAMS 0x000000070e000000, 0x000000070e000000| Complete 
| 113|0x000000070e200000, 0x000000070e400000, 0x000000070e400000|100%| E|  |TAMS 0x000000070e200000, 0x000000070e200000| Complete 
| 114|0x000000070e400000, 0x000000070e600000, 0x000000070e600000|100%| E|CS|TAMS 0x000000070e400000, 0x000000070e400000| Complete 
| 115|0x000000070e600000, 0x000000070e800000, 0x000000070e800000|100%| E|CS|TAMS 0x000000070e600000, 0x000000070e600000| Complete 
| 116|0x000000070e800000, 0x000000070ea00000, 0x000000070ea00000|100%| E|CS|TAMS 0x000000070e800000, 0x000000070e800000| Complete 
| 117|0x000000070ea00000, 0x000000070ec00000, 0x000000070ec00000|100%| E|CS|TAMS 0x000000070ea00000, 0x000000070ea00000| Complete 
| 118|0x000000070ec00000, 0x000000070ee00000, 0x000000070ee00000|100%| E|CS|TAMS 0x000000070ec00000, 0x000000070ec00000| Complete 
| 119|0x000000070ee00000, 0x000000070f000000, 0x000000070f000000|100%| E|CS|TAMS 0x000000070ee00000, 0x000000070ee00000| Complete 
| 120|0x000000070f000000, 0x000000070f200000, 0x000000070f200000|100%| E|CS|TAMS 0x000000070f000000, 0x000000070f000000| Complete 
| 121|0x000000070f200000, 0x000000070f400000, 0x000000070f400000|100%| E|CS|TAMS 0x000000070f200000, 0x000000070f200000| Complete 
| 122|0x000000070f400000, 0x000000070f600000, 0x000000070f600000|100%| E|CS|TAMS 0x000000070f400000, 0x000000070f400000| Complete 
| 123|0x000000070f600000, 0x000000070f800000, 0x000000070f800000|100%| E|CS|TAMS 0x000000070f600000, 0x000000070f600000| Complete 

Card table byte_map: [0x000002a47e5c0000,0x000002a47edc0000] _byte_map_base: 0x000002a47adc0000

Marking Bits (Prev, Next): (CMBitMap*) 0x000002a476236220, (CMBitMap*) 0x000002a4762361e0
 Prev Bits: [0x000002a413000000, 0x000002a417000000)
 Next Bits: [0x000002a40f000000, 0x000002a413000000)

Polling page: 0x000002a475990000

Metaspace:

Usage:
  Non-class:     93.47 MB used.
      Class:     15.19 MB used.
       Both:    108.67 MB used.

Virtual space:
  Non-class space:      128.00 MB reserved,      94.06 MB ( 73%) committed,  2 nodes.
      Class space:        1.00 GB reserved,      15.75 MB (  2%) committed,  1 nodes.
             Both:        1.12 GB reserved,     109.81 MB ( 10%) committed. 

Chunk freelists:
   Non-Class:  1.07 MB
       Class:  162.00 KB
        Both:  1.22 MB

MaxMetaspaceSize: 2.00 GB
CompressedClassSpaceSize: 1.00 GB
Initial GC threshold: 21.00 MB
Current GC threshold: 114.94 MB
CDS: on
MetaspaceReclaimPolicy: balanced
 - commit_granule_bytes: 65536.
 - commit_granule_words: 8192.
 - virtual_space_node_default_size: 8388608.
 - enlarge_chunks_in_place: 1.
 - new_chunks_are_fully_committed: 0.
 - uncommit_free_chunks: 1.
 - use_allocation_guard: 0.
 - handle_deallocations: 1.


Internal statistics:

num_allocs_failed_limit: 6.
num_arena_births: 1560.
num_arena_deaths: 0.
num_vsnodes_births: 3.
num_vsnodes_deaths: 0.
num_space_committed: 1757.
num_space_uncommitted: 0.
num_chunks_returned_to_freelist: 6.
num_chunks_taken_from_freelist: 6330.
num_chunk_merges: 6.
num_chunk_splits: 4072.
num_chunks_enlarged: 2581.
num_inconsistent_stats: 0.

CodeHeap 'non-profiled nmethods': size=120000Kb used=8291Kb max_used=8291Kb free=111709Kb
 bounds [0x000002a407ad0000, 0x000002a4082f0000, 0x000002a40f000000]
CodeHeap 'profiled nmethods': size=120000Kb used=25565Kb max_used=25565Kb free=94434Kb
 bounds [0x000002a400000000, 0x000002a401900000, 0x000002a407530000]
CodeHeap 'non-nmethods': size=5760Kb used=2505Kb max_used=2561Kb free=3254Kb
 bounds [0x000002a407530000, 0x000002a4077c0000, 0x000002a407ad0000]
 total_blobs=13595 nmethods=12561 adapters=945
 compilation: enabled
              stopped_count=0, restarted_count=0
 full_count=0

Compilation events (20 events):
Event: 59.202 Thread 0x000002a4191aace0 14790       1       com.sun.management.internal.PlatformMBeanProviderImpl$3::mbeanInterfaceNames (5 bytes)
Event: 59.202 Thread 0x000002a4191aace0 nmethod 14790 0x000002a4082e5f90 code [0x000002a4082e6120, 0x000002a4082e61f8]
Event: 59.210 Thread 0x000002a4191a7610 nmethod 14791 0x000002a4082e6290 code [0x000002a4082e6420, 0x000002a4082e6b48]
Event: 60.200 Thread 0x000002a4191aace0 14792       1       java.lang.management.DefaultPlatformMBeanProvider$5::mbeanInterfaceNames (5 bytes)
Event: 60.201 Thread 0x000002a4191aace0 nmethod 14792 0x000002a4082e6d90 code [0x000002a4082e6f20, 0x000002a4082e6ff8]
Event: 60.201 Thread 0x000002a4191aace0 14793       1       java.lang.management.DefaultPlatformMBeanProvider$6::mbeanInterfaceNames (5 bytes)
Event: 60.201 Thread 0x000002a4191a7610 14794   !   4       java.util.stream.ReferencePipeline$7$1::accept (127 bytes)
Event: 60.201 Thread 0x000002a4191aace0 nmethod 14793 0x000002a4082e7090 code [0x000002a4082e7220, 0x000002a4082e72f8]
Event: 60.213 Thread 0x000002a4191a7610 nmethod 14794 0x000002a4082e7390 code [0x000002a4082e75e0, 0x000002a4082e7f90]
Event: 63.345 Thread 0x000002a4191aace0 14795       1       org.gradle.launcher.daemon.server.health.gc.GarbageCollectionEvent::getUsage (5 bytes)
Event: 63.345 Thread 0x000002a4191aace0 nmethod 14795 0x000002a4082e8610 code [0x000002a4082e87a0, 0x000002a4082e8878]
Event: 63.392 Thread 0x000002a4191aace0 14796       1       java.nio.channels.FileLock::isShared (5 bytes)
Event: 63.392 Thread 0x000002a4191aace0 nmethod 14796 0x000002a4082e8910 code [0x000002a4082e8aa0, 0x000002a4082e8b78]
Event: 63.395 Thread 0x000002a4191aace0 14797       3       java.util.concurrent.ThreadPoolExecutor::isShutdown (12 bytes)
Event: 63.395 Thread 0x000002a4191aace0 nmethod 14797 0x000002a4018f7210 code [0x000002a4018f73c0, 0x000002a4018f75b8]
Event: 66.202 Thread 0x000002a4191aace0 14798       3       java.util.concurrent.ScheduledThreadPoolExecutor::canRunInCurrentRunState (61 bytes)
Event: 66.203 Thread 0x000002a4191aace0 nmethod 14798 0x000002a4018f7690 code [0x000002a4018f78a0, 0x000002a4018f80c8]
Event: 66.670 Thread 0x000002a4191aace0 14799       3       sun.util.logging.internal.LoggingProviderImpl$JULWrapper::toJUL (40 bytes)
Event: 66.670 Thread 0x000002a4191aace0 nmethod 14799 0x000002a4018f8310 code [0x000002a4018f84c0, 0x000002a4018f8678]
Event: 68.158 Thread 0x000002a4191a7610 14800   !   4       java.util.concurrent.LinkedBlockingQueue::poll (128 bytes)

GC Heap History (20 events):
Event: 50.700 GC heap before
{Heap before GC invocations=43 (full 0):
 garbage-first heap   total 210944K, used 174812K [0x0000000700000000, 0x0000000800000000)
  region size 2048K, 21 young (43008K), 2 survivors (4096K)
 Metaspace       used 99471K, committed 100480K, reserved 1179648K
  class space    used 13873K, committed 14336K, reserved 1048576K
}
Event: 50.707 GC heap after
{Heap after GC invocations=44 (full 0):
 garbage-first heap   total 210944K, used 138145K [0x0000000700000000, 0x0000000800000000)
  region size 2048K, 3 young (6144K), 3 survivors (6144K)
 Metaspace       used 99471K, committed 100480K, reserved 1179648K
  class space    used 13873K, committed 14336K, reserved 1048576K
}
Event: 51.201 GC heap before
{Heap before GC invocations=44 (full 0):
 garbage-first heap   total 210944K, used 175009K [0x0000000700000000, 0x0000000800000000)
  region size 2048K, 21 young (43008K), 3 survivors (6144K)
 Metaspace       used 100161K, committed 101184K, reserved 1179648K
  class space    used 13984K, committed 14464K, reserved 1048576K
}
Event: 51.209 GC heap after
{Heap after GC invocations=45 (full 0):
 garbage-first heap   total 210944K, used 142179K [0x0000000700000000, 0x0000000800000000)
  region size 2048K, 3 young (6144K), 3 survivors (6144K)
 Metaspace       used 100161K, committed 101184K, reserved 1179648K
  class space    used 13984K, committed 14464K, reserved 1048576K
}
Event: 51.910 GC heap before
{Heap before GC invocations=45 (full 0):
 garbage-first heap   total 210944K, used 176995K [0x0000000700000000, 0x0000000800000000)
  region size 2048K, 20 young (40960K), 3 survivors (6144K)
 Metaspace       used 101425K, committed 102400K, reserved 1179648K
  class space    used 14162K, committed 14656K, reserved 1048576K
}
Event: 51.918 GC heap after
{Heap after GC invocations=46 (full 0):
 garbage-first heap   total 210944K, used 148067K [0x0000000700000000, 0x0000000800000000)
  region size 2048K, 3 young (6144K), 3 survivors (6144K)
 Metaspace       used 101425K, committed 102400K, reserved 1179648K
  class space    used 14162K, committed 14656K, reserved 1048576K
}
Event: 52.625 GC heap before
{Heap before GC invocations=46 (full 0):
 garbage-first heap   total 210944K, used 174691K [0x0000000700000000, 0x0000000800000000)
  region size 2048K, 17 young (34816K), 3 survivors (6144K)
 Metaspace       used 102434K, committed 103424K, reserved 1179648K
  class space    used 14355K, committed 14848K, reserved 1048576K
}
Event: 52.633 GC heap after
{Heap after GC invocations=47 (full 0):
 garbage-first heap   total 210944K, used 152325K [0x0000000700000000, 0x0000000800000000)
  region size 2048K, 3 young (6144K), 3 survivors (6144K)
 Metaspace       used 102434K, committed 103424K, reserved 1179648K
  class space    used 14355K, committed 14848K, reserved 1048576K
}
Event: 53.133 GC heap before
{Heap before GC invocations=47 (full 0):
 garbage-first heap   total 210944K, used 174853K [0x0000000700000000, 0x0000000800000000)
  region size 2048K, 14 young (28672K), 3 survivors (6144K)
 Metaspace       used 102570K, committed 103616K, reserved 1179648K
  class space    used 14369K, committed 14848K, reserved 1048576K
}
Event: 53.139 GC heap after
{Heap after GC invocations=48 (full 0):
 garbage-first heap   total 210944K, used 163282K [0x0000000700000000, 0x0000000800000000)
  region size 2048K, 2 young (4096K), 2 survivors (4096K)
 Metaspace       used 102570K, committed 103616K, reserved 1179648K
  class space    used 14369K, committed 14848K, reserved 1048576K
}
Event: 53.357 GC heap before
{Heap before GC invocations=48 (full 0):
 garbage-first heap   total 210944K, used 175570K [0x0000000700000000, 0x0000000800000000)
  region size 2048K, 8 young (16384K), 2 survivors (4096K)
 Metaspace       used 102740K, committed 103808K, reserved 1179648K
  class space    used 14394K, committed 14912K, reserved 1048576K
}
Event: 53.362 GC heap after
{Heap after GC invocations=49 (full 0):
 garbage-first heap   total 253952K, used 166996K [0x0000000700000000, 0x0000000800000000)
  region size 2048K, 1 young (2048K), 1 survivors (2048K)
 Metaspace       used 102740K, committed 103808K, reserved 1179648K
  class space    used 14394K, committed 14912K, reserved 1048576K
}
Event: 53.960 GC heap before
{Heap before GC invocations=49 (full 0):
 garbage-first heap   total 253952K, used 201812K [0x0000000700000000, 0x0000000800000000)
  region size 2048K, 19 young (38912K), 1 survivors (2048K)
 Metaspace       used 104569K, committed 105664K, reserved 1179648K
  class space    used 14649K, committed 15168K, reserved 1048576K
}
Event: 53.969 GC heap after
{Heap after GC invocations=50 (full 0):
 garbage-first heap   total 253952K, used 170320K [0x0000000700000000, 0x0000000800000000)
  region size 2048K, 3 young (6144K), 3 survivors (6144K)
 Metaspace       used 104569K, committed 105664K, reserved 1179648K
  class space    used 14649K, committed 15168K, reserved 1048576K
}
Event: 54.711 GC heap before
{Heap before GC invocations=50 (full 0):
 garbage-first heap   total 253952K, used 207184K [0x0000000700000000, 0x0000000800000000)
  region size 2048K, 21 young (43008K), 3 survivors (6144K)
 Metaspace       used 108377K, committed 109568K, reserved 1179648K
  class space    used 15181K, committed 15744K, reserved 1048576K
}
Event: 54.718 GC heap after
{Heap after GC invocations=51 (full 0):
 garbage-first heap   total 253952K, used 172876K [0x0000000700000000, 0x0000000800000000)
  region size 2048K, 2 young (4096K), 2 survivors (4096K)
 Metaspace       used 108377K, committed 109568K, reserved 1179648K
  class space    used 15181K, committed 15744K, reserved 1048576K
}
Event: 55.252 GC heap before
{Heap before GC invocations=51 (full 0):
 garbage-first heap   total 253952K, used 207692K [0x0000000700000000, 0x0000000800000000)
  region size 2048K, 19 young (38912K), 2 survivors (4096K)
 Metaspace       used 109960K, committed 111104K, reserved 1179648K
  class space    used 15388K, committed 15936K, reserved 1048576K
}
Event: 55.258 GC heap after
{Heap after GC invocations=52 (full 0):
 garbage-first heap   total 253952K, used 175097K [0x0000000700000000, 0x0000000800000000)
  region size 2048K, 3 young (6144K), 3 survivors (6144K)
 Metaspace       used 109960K, committed 111104K, reserved 1179648K
  class space    used 15388K, committed 15936K, reserved 1048576K
}
Event: 56.027 GC heap before
{Heap before GC invocations=52 (full 0):
 garbage-first heap   total 253952K, used 207865K [0x0000000700000000, 0x0000000800000000)
  region size 2048K, 20 young (40960K), 3 survivors (6144K)
 Metaspace       used 111095K, committed 112192K, reserved 1179648K
  class space    used 15533K, committed 16064K, reserved 1048576K
}
Event: 56.036 GC heap after
{Heap after GC invocations=53 (full 0):
 garbage-first heap   total 253952K, used 179273K [0x0000000700000000, 0x0000000800000000)
  region size 2048K, 3 young (6144K), 3 survivors (6144K)
 Metaspace       used 111095K, committed 112192K, reserved 1179648K
  class space    used 15533K, committed 16064K, reserved 1048576K
}

Deoptimization events (20 events):
Event: 56.629 Thread 0x000002a462baaab0 Uncommon trap: trap_request=0xffffffde fr.pc=0x000002a4081f1150 relative=0x0000000000000530
Event: 56.629 Thread 0x000002a462baaab0 Uncommon trap: reason=class_check action=maybe_recompile pc=0x000002a4081f1150 method=java.util.stream.ReferencePipeline$7$1.accept(Ljava/lang/Object;)V @ 68 c2
Event: 56.629 Thread 0x000002a462baaab0 DEOPT PACKING pc=0x000002a4081f1150 sp=0x000000ba626fa500
Event: 56.629 Thread 0x000002a462baaab0 DEOPT UNPACKING pc=0x000002a407585ba3 sp=0x000000ba626fa4a8 mode 2
Event: 56.629 Thread 0x000002a462baaab0 Uncommon trap: trap_request=0xffffffde fr.pc=0x000002a4081f1150 relative=0x0000000000000530
Event: 56.629 Thread 0x000002a462baaab0 Uncommon trap: reason=class_check action=maybe_recompile pc=0x000002a4081f1150 method=java.util.stream.ReferencePipeline$7$1.accept(Ljava/lang/Object;)V @ 68 c2
Event: 56.629 Thread 0x000002a462baaab0 DEOPT PACKING pc=0x000002a4081f1150 sp=0x000000ba626fa500
Event: 56.629 Thread 0x000002a462baaab0 DEOPT UNPACKING pc=0x000002a407585ba3 sp=0x000000ba626fa4a8 mode 2
Event: 56.651 Thread 0x000002a462baaab0 Uncommon trap: trap_request=0xffffff45 fr.pc=0x000002a4082bfb5c relative=0x000000000000093c
Event: 56.651 Thread 0x000002a462baaab0 Uncommon trap: reason=unstable_if action=reinterpret pc=0x000002a4082bfb5c method=org.gradle.internal.snapshot.VfsRelativePath.lengthOfCommonPrefix(Ljava/lang/String;Lorg/gradle/internal/snapshot/CaseSensitivity;)I @ 165 c2
Event: 56.651 Thread 0x000002a462baaab0 DEOPT PACKING pc=0x000002a4082bfb5c sp=0x000000ba626fcf50
Event: 56.651 Thread 0x000002a462baaab0 DEOPT UNPACKING pc=0x000002a407585ba3 sp=0x000000ba626fcee0 mode 2
Event: 56.674 Thread 0x000002a462baaab0 Uncommon trap: trap_request=0xffffffc6 fr.pc=0x000002a407e2d078 relative=0x0000000000000798
Event: 56.674 Thread 0x000002a462baaab0 Uncommon trap: reason=bimorphic_or_optimized_type_check action=maybe_recompile pc=0x000002a407e2d078 method=java.util.stream.MatchOps$MatchOp.evaluateSequential(Ljava/util/stream/PipelineHelper;Ljava/util/Spliterator;)Ljava/lang/Boolean; @ 14 c2
Event: 56.674 Thread 0x000002a462baaab0 DEOPT PACKING pc=0x000002a407e2d078 sp=0x000000ba626fb550
Event: 56.674 Thread 0x000002a462baaab0 DEOPT UNPACKING pc=0x000002a407585ba3 sp=0x000000ba626fb488 mode 2
Event: 56.674 Thread 0x000002a462baaab0 Uncommon trap: trap_request=0xffffffc6 fr.pc=0x000002a407e2d078 relative=0x0000000000000798
Event: 56.674 Thread 0x000002a462baaab0 Uncommon trap: reason=bimorphic_or_optimized_type_check action=maybe_recompile pc=0x000002a407e2d078 method=java.util.stream.MatchOps$MatchOp.evaluateSequential(Ljava/util/stream/PipelineHelper;Ljava/util/Spliterator;)Ljava/lang/Boolean; @ 14 c2
Event: 56.674 Thread 0x000002a462baaab0 DEOPT PACKING pc=0x000002a407e2d078 sp=0x000000ba626fb550
Event: 56.674 Thread 0x000002a462baaab0 DEOPT UNPACKING pc=0x000002a407585ba3 sp=0x000000ba626fb488 mode 2

Classes unloaded (0 events):
No events

Classes redefined (0 events):
No events

Internal exceptions (20 events):
Event: 55.645 Thread 0x000002a4198e19d0 Implicit null exception at 0x000002a407be3f56 to 0x000002a407be4924
Event: 55.675 Thread 0x000002a4198e19d0 Implicit null exception at 0x000002a407be2bfb to 0x000002a407be349c
Event: 55.789 Thread 0x000002a4198e19d0 Implicit null exception at 0x000002a407c19a65 to 0x000002a407c1a274
Event: 55.967 Thread 0x000002a462baaab0 Exception <a 'sun/nio/fs/WindowsException'{0x000000070dbf3108}> (0x000000070dbf3108) 
thrown [s\open\src\hotspot\share\prims\jni.cpp, line 516]
Event: 56.693 Thread 0x000002a462baaab0 Exception <a 'java/lang/ClassNotFoundException'{0x000000070e128790}: org/gradle/process/internal/DefaultExecAction_DecoratedBeanInfo> (0x000000070e128790) 
thrown [s\open\src\hotspot\share\classfile\systemDictionary.cpp, line 256]
Event: 56.694 Thread 0x000002a462baaab0 Exception <a 'java/lang/ClassNotFoundException'{0x000000070e13b348}: org/gradle/process/internal/DefaultExecActionBeanInfo> (0x000000070e13b348) 
thrown [s\open\src\hotspot\share\classfile\systemDictionary.cpp, line 256]
Event: 56.695 Thread 0x000002a462baaab0 Exception <a 'java/lang/ClassNotFoundException'{0x000000070e14e000}: org/gradle/process/internal/DefaultExecHandleBuilderBeanInfo> (0x000000070e14e000) 
thrown [s\open\src\hotspot\share\classfile\systemDictionary.cpp, line 256]
Event: 56.695 Thread 0x000002a462baaab0 Exception <a 'java/lang/ClassNotFoundException'{0x000000070e160ca0}: org/gradle/process/internal/AbstractExecHandleBuilderBeanInfo> (0x000000070e160ca0) 
thrown [s\open\src\hotspot\share\classfile\systemDictionary.cpp, line 256]
Event: 56.698 Thread 0x000002a462baaab0 Exception <a 'java/lang/ClassNotFoundException'{0x000000070e173c38}: org/gradle/process/internal/DefaultProcessForkOptionsBeanInfo> (0x000000070e173c38) 
thrown [s\open\src\hotspot\share\classfile\systemDictionary.cpp, line 256]
Event: 56.701 Thread 0x000002a462baaab0 Exception <a 'java/lang/ClassNotFoundException'{0x000000070e186c70}: org/gradle/process/internal/DefaultProcessForkOptionsCustomizer> (0x000000070e186c70) 
thrown [s\open\src\hotspot\share\classfile\systemDictionary.cpp, line 256]
Event: 56.705 Thread 0x000002a462baaab0 Exception <a 'java/lang/ClassNotFoundException'{0x000000070e1a7a90}: org/gradle/process/internal/AbstractExecHandleBuilderCustomizer> (0x000000070e1a7a90) 
thrown [s\open\src\hotspot\share\classfile\systemDictionary.cpp, line 256]
Event: 56.706 Thread 0x000002a462baaab0 Exception <a 'java/lang/ClassNotFoundException'{0x000000070e1cdd38}: org/gradle/process/internal/DefaultExecHandleBuilderCustomizer> (0x000000070e1cdd38) 
thrown [s\open\src\hotspot\share\classfile\systemDictionary.cpp, line 256]
Event: 56.708 Thread 0x000002a462baaab0 Exception <a 'java/lang/ClassNotFoundException'{0x000000070de0f9f0}: org/gradle/process/internal/DefaultExecActionCustomizer> (0x000000070de0f9f0) 
thrown [s\open\src\hotspot\share\classfile\systemDictionary.cpp, line 256]
Event: 56.709 Thread 0x000002a462baaab0 Exception <a 'java/lang/ClassNotFoundException'{0x000000070de2bee0}: org/gradle/process/internal/DefaultExecAction_DecoratedCustomizer> (0x000000070de2bee0) 
thrown [s\open\src\hotspot\share\classfile\systemDictionary.cpp, line 256]
Event: 56.712 Thread 0x000002a462baaab0 Exception <a 'java/lang/ClassNotFoundException'{0x000000070de65778}: org/gradle/api/logging/LogLevelBeanInfo> (0x000000070de65778) 
thrown [s\open\src\hotspot\share\classfile\systemDictionary.cpp, line 256]
Event: 56.712 Thread 0x000002a462baaab0 Exception <a 'java/lang/ClassNotFoundException'{0x000000070de760e0}: org/gradle/api/logging/LogLevelCustomizer> (0x000000070de760e0) 
thrown [s\open\src\hotspot\share\classfile\systemDictionary.cpp, line 256]
Event: 56.716 Thread 0x000002a462baaab0 Exception <a 'java/lang/ClassNotFoundException'{0x000000070debdd00}: org/gradle/internal/logging/services/DefaultLoggingManagerBeanInfo> (0x000000070debdd00) 
thrown [s\open\src\hotspot\share\classfile\systemDictionary.cpp, line 256]
Event: 56.716 Thread 0x000002a462baaab0 Exception <a 'java/lang/ClassNotFoundException'{0x000000070decf338}: org/gradle/internal/logging/services/DefaultLoggingManagerCustomizer> (0x000000070decf338) 
thrown [s\open\src\hotspot\share\classfile\systemDictionary.cpp, line 256]
Event: 56.721 Thread 0x000002a462baaab0 Exception <a 'java/lang/ClassNotFoundException'{0x000000070df01250}: java/lang/BooleanBeanInfo> (0x000000070df01250) 
thrown [s\open\src\hotspot\share\classfile\systemDictionary.cpp, line 256]
Event: 56.722 Thread 0x000002a462baaab0 Exception <a 'java/lang/ClassNotFoundException'{0x000000070df07170}: java/lang/BooleanCustomizer> (0x000000070df07170) 
thrown [s\open\src\hotspot\share\classfile\systemDictionary.cpp, line 256]

VM Operations (20 events):
Event: 55.343 Executing VM operation: HandshakeAllThreads
Event: 55.344 Executing VM operation: HandshakeAllThreads done
Event: 55.516 Executing VM operation: ICBufferFull
Event: 55.516 Executing VM operation: ICBufferFull done
Event: 55.878 Executing VM operation: HandshakeAllThreads
Event: 55.878 Executing VM operation: HandshakeAllThreads done
Event: 55.933 Executing VM operation: ICBufferFull
Event: 55.933 Executing VM operation: ICBufferFull done
Event: 56.027 Executing VM operation: G1CollectForAllocation
Event: 56.036 Executing VM operation: G1CollectForAllocation done
Event: 57.037 Executing VM operation: Cleanup
Event: 57.037 Executing VM operation: Cleanup done
Event: 58.037 Executing VM operation: Cleanup
Event: 58.037 Executing VM operation: Cleanup done
Event: 60.089 Executing VM operation: HandshakeAllThreads
Event: 60.089 Executing VM operation: HandshakeAllThreads done
Event: 62.090 Executing VM operation: Cleanup
Event: 62.090 Executing VM operation: Cleanup done
Event: 64.092 Executing VM operation: Cleanup
Event: 64.092 Executing VM operation: Cleanup done

Events (20 events):
Event: 54.440 loading class java/util/EnumMap$EntrySet
Event: 54.441 loading class java/util/EnumMap$EntrySet done
Event: 54.441 loading class java/util/EnumMap$EntryIterator
Event: 54.441 loading class java/util/EnumMap$EnumMapIterator
Event: 54.441 loading class java/util/EnumMap$EnumMapIterator done
Event: 54.441 loading class java/util/EnumMap$EntryIterator done
Event: 54.441 loading class java/util/EnumMap$EntryIterator$Entry
Event: 54.442 loading class java/util/EnumMap$EntryIterator$Entry done
Event: 54.465 loading class jdk/internal/reflect/UnsafeBooleanFieldAccessorImpl
Event: 54.465 loading class jdk/internal/reflect/UnsafeBooleanFieldAccessorImpl done
Event: 55.953 Thread 0x000002a4198e3320 Thread added: 0x000002a4198e3320
Event: 56.720 loading class java/lang/BooleanBeanInfo
Event: 56.720 loading class java/lang/BooleanBeanInfo done
Event: 56.721 loading class java/lang/BooleanBeanInfo
Event: 56.721 loading class java/lang/BooleanBeanInfo done
Event: 56.721 loading class java/lang/BooleanCustomizer
Event: 56.721 loading class java/lang/BooleanCustomizer done
Event: 56.722 loading class java/lang/BooleanCustomizer
Event: 56.722 loading class java/lang/BooleanCustomizer done
Event: 59.201 Thread 0x000002a4698cb560 Thread exited: 0x000002a4698cb560


Dynamic libraries:
0x00007ff608500000 - 0x00007ff608510000 	C:\Program Files\Java\jdk-17\bin\java.exe
0x00007ffb039f0000 - 0x00007ffb03c07000 	C:\WINDOWS\SYSTEM32\ntdll.dll
0x00007ffb02110000 - 0x00007ffb021d4000 	C:\WINDOWS\System32\KERNEL32.DLL
0x00007ffb00cc0000 - 0x00007ffb01091000 	C:\WINDOWS\System32\KERNELBASE.dll
0x00007ffb010a0000 - 0x00007ffb011b1000 	C:\WINDOWS\System32\ucrtbase.dll
0x00007ffad0400000 - 0x00007ffad0419000 	C:\Program Files\Java\jdk-17\bin\jli.dll
0x00007ffb027a0000 - 0x00007ffb02851000 	C:\WINDOWS\System32\ADVAPI32.dll
0x00007ffb02a90000 - 0x00007ffb02b37000 	C:\WINDOWS\System32\msvcrt.dll
0x00007ffacbdc0000 - 0x00007ffacbddb000 	C:\Program Files\Java\jdk-17\bin\VCRUNTIME140.dll
0x00007ffb03190000 - 0x00007ffb03237000 	C:\WINDOWS\System32\sechost.dll
0x00007ffb00b30000 - 0x00007ffb00b58000 	C:\WINDOWS\System32\bcrypt.dll
0x00007ffb03890000 - 0x00007ffb039a4000 	C:\WINDOWS\System32\RPCRT4.dll
0x00007ffb036c0000 - 0x00007ffb03871000 	C:\WINDOWS\System32\USER32.dll
0x00007ffb01400000 - 0x00007ffb01426000 	C:\WINDOWS\System32\win32u.dll
0x00007ffb03240000 - 0x00007ffb03269000 	C:\WINDOWS\System32\GDI32.dll
0x00007ffae2250000 - 0x00007ffae24e2000 	C:\WINDOWS\WinSxS\amd64_microsoft.windows.common-controls_6595b64144ccf1df_6.0.22621.4830_none_270fe7d773858e80\COMCTL32.dll
0x00007ffb01430000 - 0x00007ffb0154b000 	C:\WINDOWS\System32\gdi32full.dll
0x00007ffb00b60000 - 0x00007ffb00bfa000 	C:\WINDOWS\System32\msvcp_win.dll
0x00007ffaf8890000 - 0x00007ffaf889a000 	C:\WINDOWS\SYSTEM32\VERSION.dll
0x00007ffb03680000 - 0x00007ffb036b1000 	C:\WINDOWS\System32\IMM32.DLL
0x00007ffafa5a0000 - 0x00007ffafa5ac000 	C:\Program Files\Java\jdk-17\bin\vcruntime140_1.dll
0x00007ffa7fbb0000 - 0x00007ffa7fc3e000 	C:\Program Files\Java\jdk-17\bin\msvcp140.dll
0x00007ffa2be10000 - 0x00007ffa2c9f0000 	C:\Program Files\Java\jdk-17\bin\server\jvm.dll
0x00007ffb03380000 - 0x00007ffb03388000 	C:\WINDOWS\System32\PSAPI.DLL
0x00007ffae0b50000 - 0x00007ffae0b59000 	C:\WINDOWS\SYSTEM32\WSOCK32.dll
0x00007ffb03300000 - 0x00007ffb03371000 	C:\WINDOWS\System32\WS2_32.dll
0x00007ffaf8b80000 - 0x00007ffaf8bb4000 	C:\WINDOWS\SYSTEM32\WINMM.dll
0x00007ffaffbd0000 - 0x00007ffaffbe8000 	C:\WINDOWS\SYSTEM32\kernel.appcore.dll
0x00007ffae0110000 - 0x00007ffae011a000 	C:\Program Files\Java\jdk-17\bin\jimage.dll
0x00007ffafde00000 - 0x00007ffafe032000 	C:\WINDOWS\SYSTEM32\DBGHELP.DLL
0x00007ffb02260000 - 0x00007ffb025f0000 	C:\WINDOWS\System32\combase.dll
0x00007ffb017a0000 - 0x00007ffb01877000 	C:\WINDOWS\System32\OLEAUT32.dll
0x00007ffaef3a0000 - 0x00007ffaef3d2000 	C:\WINDOWS\SYSTEM32\dbgcore.DLL
0x00007ffb01240000 - 0x00007ffb012bb000 	C:\WINDOWS\System32\bcryptPrimitives.dll
0x00007ffadf950000 - 0x00007ffadf95e000 	C:\Program Files\Java\jdk-17\bin\instrument.dll
0x00007ffabb000000 - 0x00007ffabb025000 	C:\Program Files\Java\jdk-17\bin\java.dll
0x00007ffa7f710000 - 0x00007ffa7f7e7000 	C:\Program Files\Java\jdk-17\bin\jsvml.dll
0x00007ffb01880000 - 0x00007ffb02108000 	C:\WINDOWS\System32\SHELL32.dll
0x00007ffb012c0000 - 0x00007ffb013ff000 	C:\WINDOWS\System32\wintypes.dll
0x00007ffafea50000 - 0x00007ffaff35d000 	C:\WINDOWS\SYSTEM32\windows.storage.dll
0x00007ffb02bf0000 - 0x00007ffb02cfa000 	C:\WINDOWS\System32\SHCORE.dll
0x00007ffb03620000 - 0x00007ffb0367e000 	C:\WINDOWS\System32\shlwapi.dll
0x00007ffb00a60000 - 0x00007ffb00a8b000 	C:\WINDOWS\SYSTEM32\profapi.dll
0x00007ffacbc30000 - 0x00007ffacbc48000 	C:\Program Files\Java\jdk-17\bin\zip.dll
0x00007ffac8b40000 - 0x00007ffac8b59000 	C:\Program Files\Java\jdk-17\bin\net.dll
0x00007ffafc420000 - 0x00007ffafc54c000 	C:\WINDOWS\SYSTEM32\WINHTTP.dll
0x00007ffb00090000 - 0x00007ffb000fa000 	C:\WINDOWS\system32\mswsock.dll
0x00007ffac3d90000 - 0x00007ffac3da6000 	C:\Program Files\Java\jdk-17\bin\nio.dll
0x00007ffadbfc0000 - 0x00007ffadbfd0000 	C:\Program Files\Java\jdk-17\bin\verify.dll
0x00007ffad7420000 - 0x00007ffad7447000 	C:\Users\ICON\.gradle\native\68d5fa5c4cc2d200863cafc0d521ce42e7d3e7ee720ec0a83991735586a16f82\windows-amd64\native-platform.dll
0x00007ffa76630000 - 0x00007ffa76774000 	C:\Users\ICON\.gradle\native\e376f236ea51e6404a007f0833ffe2c6e607c4080706a723a18a27aeea778392\windows-amd64\native-platform-file-events.dll
0x00007ffadbeb0000 - 0x00007ffadbeba000 	C:\Program Files\Java\jdk-17\bin\management.dll
0x00007ffada510000 - 0x00007ffada51b000 	C:\Program Files\Java\jdk-17\bin\management_ext.dll
0x00007ffb003e0000 - 0x00007ffb003fb000 	C:\WINDOWS\SYSTEM32\CRYPTSP.dll
0x00007ffaffb90000 - 0x00007ffaffbc7000 	C:\WINDOWS\system32\rsaenh.dll
0x00007ffb00130000 - 0x00007ffb00158000 	C:\WINDOWS\SYSTEM32\USERENV.dll
0x00007ffb003c0000 - 0x00007ffb003cc000 	C:\WINDOWS\SYSTEM32\CRYPTBASE.dll
0x00007ffaff630000 - 0x00007ffaff65d000 	C:\WINDOWS\SYSTEM32\IPHLPAPI.DLL
0x00007ffb032f0000 - 0x00007ffb032f9000 	C:\WINDOWS\System32\NSI.dll
0x00007ffafc3f0000 - 0x00007ffafc409000 	C:\WINDOWS\SYSTEM32\dhcpcsvc6.DLL
0x00007ffafc300000 - 0x00007ffafc31f000 	C:\WINDOWS\SYSTEM32\dhcpcsvc.DLL
0x00007ffaff660000 - 0x00007ffaff762000 	C:\WINDOWS\SYSTEM32\DNSAPI.dll
0x00007ffada150000 - 0x00007ffada15e000 	C:\Program Files\Java\jdk-17\bin\sunmscapi.dll
0x00007ffb01550000 - 0x00007ffb016b6000 	C:\WINDOWS\System32\CRYPT32.dll
0x00007ffb004d0000 - 0x00007ffb004fd000 	C:\WINDOWS\SYSTEM32\ncrypt.dll
0x00007ffb00490000 - 0x00007ffb004c7000 	C:\WINDOWS\SYSTEM32\NTASN1.dll
0x00007ffae3ab0000 - 0x00007ffae3ab8000 	C:\WINDOWS\system32\wshunix.dll
0x00007ffab03c0000 - 0x00007ffab03d7000 	C:\WINDOWS\system32\napinsp.dll
0x00007ffab03a0000 - 0x00007ffab03bb000 	C:\WINDOWS\system32\pnrpnsp.dll
0x00007ffab0380000 - 0x00007ffab0391000 	C:\WINDOWS\System32\winrnr.dll
0x00007ffafa860000 - 0x00007ffafa875000 	C:\WINDOWS\system32\wshbth.dll
0x00007ffab0350000 - 0x00007ffab0377000 	C:\WINDOWS\system32\nlansp_c.dll
0x00007ffafc3d0000 - 0x00007ffafc3da000 	C:\Windows\System32\rasadhlp.dll
0x00007ffafa8d0000 - 0x00007ffafa953000 	C:\WINDOWS\System32\fwpuclnt.dll
0x00007ffada0a0000 - 0x00007ffada0a7000 	C:\Program Files\Java\jdk-17\bin\rmi.dll

dbghelp: loaded successfully - version: 4.0.5 - missing functions: none
symbol engine: initialized successfully - sym options: 0x614 - pdb path: .;C:\Program Files\Java\jdk-17\bin;C:\WINDOWS\SYSTEM32;C:\WINDOWS\WinSxS\amd64_microsoft.windows.common-controls_6595b64144ccf1df_6.0.22621.4830_none_270fe7d773858e80;C:\Program Files\Java\jdk-17\bin\server;C:\Users\ICON\.gradle\native\68d5fa5c4cc2d200863cafc0d521ce42e7d3e7ee720ec0a83991735586a16f82\windows-amd64;C:\Users\ICON\.gradle\native\e376f236ea51e6404a007f0833ffe2c6e607c4080706a723a18a27aeea778392\windows-amd64

VM Arguments:
jvm_args: -XX:MaxMetaspaceSize=2G -XX:+HeapDumpOnOutOfMemoryError --add-opens=java.base/java.util=ALL-UNNAMED --add-opens=java.base/java.lang=ALL-UNNAMED --add-opens=java.base/java.lang.invoke=ALL-UNNAMED --add-opens=java.prefs/java.util.prefs=ALL-UNNAMED --add-opens=java.base/java.nio.charset=ALL-UNNAMED --add-opens=java.base/java.net=ALL-UNNAMED --add-opens=java.base/java.util.concurrent.atomic=ALL-UNNAMED -Xmx4G -Dfile.encoding=UTF-8 -Duser.country=US -Duser.language=en -Duser.variant -javaagent:C:\Users\ICON\.gradle\wrapper\dists\gradle-8.3-all\6en3ugtfdg5xnpx44z4qbwgas\gradle-8.3\lib\agents\gradle-instrumentation-agent-8.3.jar 
java_command: org.gradle.launcher.daemon.bootstrap.GradleDaemon 8.3
java_class_path (initial): C:\Users\ICON\.gradle\wrapper\dists\gradle-8.3-all\6en3ugtfdg5xnpx44z4qbwgas\gradle-8.3\lib\gradle-launcher-8.3.jar
Launcher Type: SUN_STANDARD

[Global flags]

[error occurred during error reporting (printing flags), id 0xe0000001, Out of Memory Error (s\open\src\hotspot\share\memory\allocation.cpp:44)]

Logging:
Log output configuration:
 #0: stdout all=warning uptime,level,tags
 #1: stderr all=off uptime,level,tags

Environment Variables:
JAVA_HOME=D:\Android Studio\jbr
CLASSPATH=D:\College\Graduation Project\final_thriving_together\final_thriving_together\android\\gradle\wrapper\gradle-wrapper.jar
PATH=D:\Android Studio\jbr\bin;C:\Program Files\Common Files\Oracle\Java\javapath;C:\Program Files (x86)\Common Files\Oracle\Java\java8path;C:\Program Files (x86)\Common Files\Oracle\Java\javapath;C:\Program Files\Java\jdk-23\bin;C:\Program Files (x86)\VMware\VMware Player\bin\;C:\Windows\system32;C:\Windows;C:\Windows\System32\Wbem;C:\Windows\System32\WindowsPowerShell\v1.0\;C:\Windows\System32\OpenSSH\;C:\Program Files (x86)\NVIDIA Corporation\PhysX\Common;C:\WINDOWS\system32;C:\WINDOWS;C:\WINDOWS\System32\Wbem;C:\WINDOWS\System32\WindowsPowerShell\v1.0\;C:\WINDOWS\System32\OpenSSH\;C:\Program Files\dotnet\;C:\WINDOWS\system32;C:\WINDOWS;C:\WINDOWS\System32\Wbem;C:\WINDOWS\System32\WindowsPowerShell\v1.0\;C:\WINDOWS\System32\OpenSSH\;C:\Program Files\NVIDIA Corporation\NVIDIA NvDLISR;C:\Program Files (x86)\Microsoft SQL Server\160\Tools\Binn\;C:\Program Files\Microsoft SQL Server\160\Tools\Binn\;C:\Program Files\Microsoft SQL Server\Client SDK\ODBC\170\Tools\Binn\;C:\Program Files\Microsoft SQL Server\160\DTS\Binn\;C:\Program Files\Azure Data Studio\bin;C:\Program Files\Microsoft SQL Server\150\Tools\Binn\;C:\Program Files\Git\cmd;C:\Users\ICON\AppData\Local\Pub\Cache\bin;C:\Users\ICON\AppData\Local\Programs\Python\Python313;C:\Users\ICON\AppData\Local\Programs\Python\Python313\Scripts;C:\flutter\bin;C:\Program Files (x86)\Java\jre1.8.0_441\bin;C:\Program Files\Java\jdk-17\bin;C:\Users\ICON\AppData\Local\Microsoft\WindowsApps;C:\Users\ICON\AppData\Local\Programs\Microsoft VS Code\bin;C:\MinGW\bin;C:\Users\ICON\.dotnet\tools;C:\Program Files\Azure Data Studio\bin;C:\dart-sdk\bin;C:\Program Files\Java\jdk-23\bin;C:\Users\ICON\AppData\Local\Programs\Python\Python313;C:\Users\ICON\AppData\Local\Programs\Python\Python313\Scripts;C:\flutter\bin;C:\Program Files (x86)\Java\jre1.8.0_441\bin;;C:\flutter\bin\mingit\cmd
USERNAME=ZeZo_SaYeD
OS=Windows_NT
PROCESSOR_IDENTIFIER=Intel64 Family 6 Model 140 Stepping 1, GenuineIntel



---------------  S Y S T E M  ---------------

OS:
 Windows 11 , 64 bit Build 22621 (10.0.22621.4974)
OS uptime: 1 days 19:18 hours
Hyper-V role detected

CPU: total 8 (initial active 8) (4 cores per cpu, 2 threads per core) family 6 model 140 stepping 1 microcode 0xba, cx8, cmov, fxsr, ht, mmx, 3dnowpref, sse, sse2, sse3, ssse3, sse4.1, sse4.2, popcnt, lzcnt, tsc, tscinvbit, avx, avx2, aes, erms, clmul, bmi1, bmi2, adx, avx512f, avx512dq, avx512cd, avx512bw, avx512vl, sha, fma, vzeroupper, avx512_vpopcntdq, avx512_vpclmulqdq, avx512_vaes, avx512_vnni, clflush, clflushopt, clwb, avx512_vbmi2, avx512_vbmi, hv

Memory: 4k page, system-wide physical 7914M (242M free)
TotalPageFile size 25339M (AvailPageFile size 0M)
current process WorkingSet (physical memory assigned to process): 436M, peak: 539M
current process commit charge ("private bytes"): 578M, peak: 616M

vm_info: Java HotSpot(TM) 64-Bit Server VM (17.0.12+8-LTS-286) for windows-amd64 JRE (17.0.12+8-LTS-286), built on Jun  5 2024 06:46:59 by "mach5one" with MS VC++ 17.6 (VS2022)

END.
