JvmtiExport can_access_local_variables 0
JvmtiExport can_hotswap_or_post_breakpoint 0
JvmtiExport can_post_on_exceptions 0
# 203 ciObject found
ciInstanceKlass java/lang/Cloneable 1 0 7 100 1 100 1 1 1
instanceKlass org/gradle/process/internal/DefaultExecActionFactory$DecoratingExecActionFactory$1
instanceKlass org/gradle/internal/snapshot/DirectorySnapshot$1
instanceKlass org/gradle/internal/execution/history/changes/DefaultFileChange
instanceKlass org/gradle/api/tasks/incremental/InputFileDetails
instanceKlass org/gradle/internal/execution/history/impl/OutputSnapshotUtil$SnapshotFilteringVisitor$1
instanceKlass org/gradle/internal/execution/history/impl/OutputSnapshotUtil
instanceKlass org/gradle/cache/internal/btree/FileBackedBlockStore$1
instanceKlass org/gradle/internal/execution/history/OverlappingOutputs
instanceKlass org/gradle/internal/execution/history/impl/DefaultOverlappingOutputDetector$OverlappingOutputsDetectingVisitor$1
instanceKlass org/gradle/internal/execution/history/impl/DefaultOverlappingOutputDetector$OverlappingOutputsDetectingVisitor
instanceKlass org/gradle/internal/reflect/validation/TypeValidationProblemLocation
instanceKlass org/gradle/internal/reflect/validation/Location
instanceKlass org/gradle/internal/reflect/validation/UserManualReference
instanceKlass org/gradle/problems/Solution
instanceKlass org/gradle/internal/reflect/validation/DefaultSolutionBuilder
instanceKlass org/gradle/internal/reflect/validation/SolutionBuilder
instanceKlass org/gradle/internal/reflect/validation/WithDocumentationBuilder
instanceKlass org/gradle/internal/reflect/validation/AbstractValidationProblemBuilder
instanceKlass org/gradle/internal/reflect/validation/PropertyProblemBuilderInternal
instanceKlass org/gradle/api/internal/tasks/properties/OutputUnpacker$1
instanceKlass org/gradle/execution/plan/PostExecutionNodeAwareActionNode
instanceKlass com/android/build/gradle/internal/dependency/BaseDexingTransform$Parameters$Inject
instanceKlass org/gradle/execution/RunRootBuildWorkBuildOperationType$Details
instanceKlass org/gradle/internal/buildtree/BuildOperationFiringBuildTreeWorkExecutor$1
instanceKlass org/gradle/execution/plan/FinalizerGroup$ElementSuccessors
instanceKlass org/gradle/execution/plan/FinalizerGroup$WaitForNodesToComplete
instanceKlass org/gradle/api/internal/artifacts/transform/DefaultPlannedTransformStepIdentity
instanceKlass org/gradle/api/internal/artifacts/transform/TransformStepNode$1
instanceKlass org/gradle/api/internal/artifacts/transform/AttributesToMapConverter
instanceKlass org/gradle/api/internal/artifacts/transform/ComponentToOperationConverter$1
instanceKlass org/gradle/operations/dependencies/variants/ProjectComponentIdentifier
instanceKlass org/gradle/operations/dependencies/variants/ComponentIdentifier
instanceKlass org/gradle/api/internal/artifacts/transform/ComponentToOperationConverter
instanceKlass org/gradle/api/internal/artifacts/transform/DefaultPlannedTransformStep
instanceKlass org/gradle/execution/plan/FinalizerGroup$DoNotBlock
instanceKlass org/gradle/execution/plan/FinalizerGroup$MemberSuccessors
instanceKlass com/android/build/gradle/internal/tasks/MergeGeneratedProguardFilesCreationAction$configure$1
instanceKlass com/android/build/gradle/internal/scope/ArtifactTypeUtil$getDirectories$1
instanceKlass com/android/build/gradle/internal/utils/AndroidXDependency$Companion
instanceKlass com/android/build/gradle/internal/utils/AndroidXDependency
instanceKlass com/android/build/gradle/internal/tasks/MergeFileTask$Companion
instanceKlass com/android/build/gradle/internal/tasks/LibraryAarJarsTask$Companion
instanceKlass org/gradle/api/internal/artifacts/transform/ConsumerProvidedVariantFinder$ChainNode
instanceKlass com/android/build/gradle/internal/cxx/build/CxxRegularBuilder$Companion
instanceKlass com/android/build/gradle/internal/cxx/build/CxxRegularBuilder
instanceKlass com/android/build/gradle/internal/tasks/UnsafeOutputsTask$1
instanceKlass com/android/build/gradle/internal/cxx/build/CxxBuilder
instanceKlass com/android/build/gradle/internal/tasks/MergeNativeLibsTaskKt$getSubProjectNativeLibs$1
instanceKlass com/android/build/gradle/internal/tasks/MergeNativeLibsTaskKt$getExternalNativeLibs$1
instanceKlass com/android/build/gradle/internal/tasks/MergeNativeLibsTaskKt
instanceKlass com/android/build/gradle/internal/tasks/MergeNativeLibsTask$Companion$predicate$1
instanceKlass com/android/build/gradle/internal/tasks/MergeNativeLibsTask$Companion
instanceKlass com/android/build/gradle/internal/BuildToolsExecutableInput
instanceKlass com/android/build/gradle/internal/tasks/DexArchiveBuilderTask$CreationAction$configure$1
instanceKlass com/android/build/gradle/internal/dexing/DexParameters
instanceKlass com/android/build/gradle/internal/tasks/DexArchiveBuilderTask$Companion
instanceKlass com/android/build/gradle/internal/tasks/DexParameterInputs
instanceKlass com/android/build/gradle/internal/tasks/DexArchiveBuilderTask$DexingOutputs
instanceKlass org/gradle/api/internal/artifacts/transform/DefaultTransform$IsolateTransformParameters$1
instanceKlass org/gradle/api/internal/artifacts/transform/DefaultTransformNodeDependency
instanceKlass org/gradle/api/internal/artifacts/transform/TransformStepNode$InitialTransformStepNode$TransformInitialArtifact
instanceKlass org/gradle/api/internal/artifacts/transform/TransformStepNode$2
instanceKlass org/gradle/operations/dependencies/variants/Capability
instanceKlass org/gradle/operations/dependencies/transforms/PlannedTransformStepIdentity
instanceKlass org/gradle/operations/dependencies/transforms/ExecutePlannedTransformStepBuildOperationType$Result
instanceKlass org/gradle/api/internal/artifacts/transform/DefaultTransformUpstreamDependenciesResolver$FinalizeTransformDependencies
instanceKlass org/gradle/api/internal/artifacts/transform/DefaultTransformUpstreamDependenciesResolver$TransformUpstreamDependenciesImpl
instanceKlass org/gradle/api/internal/artifacts/transform/DefaultTransformedVariantFactory$1
instanceKlass org/gradle/api/internal/artifacts/transform/ComponentVariantIdentifier
instanceKlass com/android/build/gradle/internal/dependency/VariantDependencies$Companion$getComponentFilter$4
instanceKlass com/android/build/api/variant/impl/FileBasedDirectoryEntryImpl$asFileTree$1$1
instanceKlass com/android/build/api/artifact/impl/InternalScopedArtifacts
instanceKlass com/android/manifmerger/ManifestMerger2$Invoker
instanceKlass com/android/build/gradle/tasks/CompatibleScreensManifest$CreationAction$configure$1
instanceKlass com/android/build/gradle/tasks/ProcessApplicationManifest$CreationAction$configure$4
instanceKlass com/android/build/gradle/tasks/ProcessApplicationManifest$Companion
instanceKlass com/android/build/gradle/internal/AndroidTestTaskManager$createMockableJarTask$1$1
instanceKlass kotlin/comparisons/ComparisonsKt__ComparisonsKt
instanceKlass com/google/gms/googleservices/GoogleServicesPlugin$Companion$getJsonLocations$$inlined$sortedByDescending$1
instanceKlass org/gradle/configurationcache/extensions/CharSequenceExtensionsKt
instanceKlass com/google/gms/googleservices/GoogleServicesTask$Companion
instanceKlass org/gradle/api/internal/provider/BuildableBackedProvider$1
instanceKlass org/gradle/execution/plan/edges/ComplexDependencyNodesSet
instanceKlass org/gradle/api/internal/provider/ValueSupplier$ExternalValueProducer
instanceKlass com/android/build/gradle/internal/core/dsl/impl/features/ShadersDslInfoImpl
instanceKlass com/android/build/gradle/internal/core/dsl/features/ShadersDslInfo
instanceKlass com/android/build/api/component/impl/features/ShadersCreationConfigImpl
instanceKlass com/android/build/gradle/internal/profile/ProfileAwareWorkAction$Parameters
instanceKlass org/gradle/api/internal/tasks/DefaultTaskContainer$2
instanceKlass com/android/build/gradle/internal/tasks/CheckAarMetadataTask$CreationAction$configure$2$1
instanceKlass com/android/build/gradle/internal/tasks/CheckAarMetadataTask$CreationAction$configure$1$1
instanceKlass com/android/build/gradle/internal/tasks/CheckAarMetadataTask$CreationAction$configure$2
instanceKlass com/android/build/gradle/internal/tasks/CheckAarMetadataTask$CreationAction$configure$1
instanceKlass com/android/build/gradle/internal/AndroidJarInput$getAndroidJar$1
instanceKlass com/android/build/gradle/internal/AndroidJarInput$sdkLoader$1
instanceKlass com/android/build/gradle/tasks/ExtractDeepLinksTask$BaseCreationAction$configure$1$2
instanceKlass com/android/build/gradle/tasks/ExtractDeepLinksTask$BaseCreationAction$configure$1$1
instanceKlass com/android/build/gradle/internal/tasks/ProcessJavaResTask$CreationAction$fromProjectJavaResJars$1$2
instanceKlass com/android/build/gradle/internal/tasks/ProcessJavaResTask$CreationAction$fromProjectJavaResJars$1$1
instanceKlass com/android/build/gradle/internal/tasks/ProcessJavaResTask$CreationAction$getProjectJavaRes$3$1
instanceKlass com/android/build/gradle/internal/tasks/ProcessJavaResTask$CreationAction$getProjectJavaRes$2
instanceKlass com/android/build/api/variant/impl/FlatSourceDirectoriesImpl$getAsFileTrees$1
instanceKlass com/android/build/gradle/internal/tasks/ExportConsumerProguardFilesTask$Companion
instanceKlass com/android/build/gradle/internal/utils/CompileData
instanceKlass com/android/build/gradle/internal/utils/SdkUtilsKt
instanceKlass com/android/build/gradle/internal/tasks/AarMetadataTask$Companion
instanceKlass com/android/build/gradle/tasks/MergeResources$CreationAction$configure$2
instanceKlass org/gradle/api/internal/provider/DefaultMapProperty$PlusCollector
instanceKlass org/gradle/api/internal/provider/MapCollectors$SingleEntry
instanceKlass com/android/build/gradle/internal/DependencyResourcesComputer$ResourceSourceSetInput
instanceKlass com/android/build/gradle/tasks/MergeResources$CreationAction$configure$1
instanceKlass com/android/build/gradle/tasks/MergeResources$Companion
instanceKlass com/android/ide/common/resources/SingleFileProcessor
instanceKlass com/android/build/gradle/internal/DependencyResourcesComputer
instanceKlass com/android/ide/common/resources/DataMerger
instanceKlass com/android/ide/common/resources/ResourcePreprocessor
instanceKlass com/android/build/gradle/tasks/MapSourceSetPathsTask$CreateAction$configure$8
instanceKlass com/android/build/api/variant/impl/LayeredSourceDirectoriesImpl$getVariantSourcesWithFilter$2$2
instanceKlass com/android/build/api/variant/impl/LayeredSourceDirectoriesImpl$getVariantSourcesWithFilter$2$projectDir$1
instanceKlass com/android/build/gradle/tasks/MapSourceSetPathsTask$CreateAction$configure$7$1$2$asFiles$2
instanceKlass com/android/build/gradle/tasks/MapSourceSetPathsTask$CreateAction$configure$7$1$2$asFiles$1
instanceKlass com/android/build/gradle/tasks/MapSourceSetPathsTask$CreateAction$configure$6
instanceKlass com/android/build/gradle/tasks/MapSourceSetPathsTask$CreateAction$configure$5
instanceKlass com/android/build/gradle/tasks/MapSourceSetPathsTask$CreateAction$configure$4$1
instanceKlass com/android/build/gradle/tasks/MapSourceSetPathsTask$CreateAction$configure$3
instanceKlass com/android/build/gradle/tasks/MapSourceSetPathsTask$CreateAction$configure$2
instanceKlass com/android/build/gradle/tasks/MapSourceSetPathsTask$CreateAction$configure$1
instanceKlass org/codehaus/groovy/runtime/StringGroovyMethods$1
instanceKlass org/jetbrains/kotlin/gradle/plugin/android/AndroidGradleWrapperKt
instanceKlass org/jetbrains/kotlin/gradle/plugin/android/AndroidGradleWrapper
instanceKlass org/jetbrains/kotlin/gradle/tasks/KotlinCompilerPluginData$InputsOutputsState
instanceKlass com/android/build/gradle/internal/tasks/factory/GlobalTaskCreationConfigImpl$platformAttrs$2$1
instanceKlass com/android/build/gradle/internal/tasks/factory/GlobalTaskCreationConfigImpl$platformAttrs$2$attributes$1
instanceKlass com/android/build/gradle/tasks/ProcessLibraryManifest$CreationAction$configure$2
instanceKlass com/android/build/api/component/impl/features/ManifestPlaceholdersCreationConfigImpl
instanceKlass com/android/build/gradle/internal/core/dsl/impl/features/ManifestPlaceholdersDslInfoImpl
instanceKlass com/android/build/gradle/internal/core/dsl/features/ManifestPlaceholdersDslInfo
instanceKlass com/android/build/gradle/tasks/ManifestProcessorTask$Companion
instanceKlass com/android/manifmerger/MergingReport
instanceKlass com/android/build/gradle/internal/lint/CustomLintCheckUtils$getLocalCustomLintChecks$1$1
instanceKlass com/android/build/gradle/internal/lint/CustomLintCheckUtils$getLocalCustomLintChecks$1
instanceKlass com/android/build/gradle/internal/lint/CustomLintCheckUtils
instanceKlass com/android/build/gradle/internal/services/LintParallelBuildService$Companion
instanceKlass com/android/build/gradle/internal/services/LintParallelBuildServiceKt$getLintParallelBuildService$1
instanceKlass com/android/build/gradle/internal/services/LintParallelBuildService
instanceKlass com/android/build/gradle/internal/services/LintParallelBuildServiceKt
instanceKlass com/android/build/gradle/internal/lint/EnvironmentVariableInputs$initialize$2
instanceKlass com/android/build/gradle/internal/lint/EnvironmentVariableInputs$initialize$1
instanceKlass com/android/build/gradle/internal/lint/SystemPropertyInputs$initialize$2
instanceKlass com/android/build/gradle/internal/lint/SystemPropertyInputs$initialize$1
instanceKlass com/android/build/gradle/internal/lint/AndroidLintAnalysisTask$initializeGlobalInputs$3
instanceKlass com/android/build/gradle/internal/lint/AndroidLintAnalysisTask$initializeGlobalInputs$globalLintJarsFromEnvVariable$1
instanceKlass com/android/build/gradle/internal/lint/AndroidLintAnalysisTask$initializeGlobalInputs$2
instanceKlass com/android/build/gradle/internal/lint/AndroidLintAnalysisTask$initializeGlobalInputs$1
instanceKlass com/android/build/gradle/internal/lint/LintTool
instanceKlass com/android/build/gradle/internal/lint/SystemPropertyInputs
instanceKlass com/android/build/gradle/internal/lint/EnvironmentVariableInputs
instanceKlass com/android/tools/lint/model/LintModelBuildFeatures
instanceKlass com/android/build/gradle/internal/core/dsl/impl/features/OptimizationDslInfoImpl$WhenMappings
instanceKlass com/android/build/gradle/internal/lint/SourceProviderInput$initialize$5
instanceKlass com/android/build/gradle/internal/lint/SourceProviderInput$initialize$4
instanceKlass com/android/build/gradle/internal/lint/SourceProviderInput$initialize$3
instanceKlass com/android/build/gradle/internal/lint/SourceProviderInput$initialize$2
instanceKlass com/android/build/gradle/internal/lint/SourceProviderInput$initialize$1
instanceKlass com/android/tools/lint/model/LintModelJavaArtifact
instanceKlass com/android/build/gradle/internal/utils/DesugarLibUtils$getD8DesugarMethodFileFromTransform$1$1
instanceKlass com/android/build/gradle/internal/utils/DesugarLibUtils$getD8DesugarMethodFileFromTransform$1
instanceKlass com/android/build/gradle/internal/ide/dependencies/Level1RuntimeArtifactCollections
instanceKlass com/android/build/gradle/internal/ide/dependencies/ArtifactCollections
instanceKlass com/android/build/gradle/internal/ide/dependencies/BuildMappingUtils
instanceKlass com/android/build/gradle/internal/ide/dependencies/ArtifactCollectionsInputsImpl
instanceKlass com/android/tools/lint/model/LintModelDependencies
instanceKlass com/android/tools/lint/model/LintModelAndroidArtifact
instanceKlass com/android/tools/lint/model/LintModelArtifact
instanceKlass com/android/build/gradle/internal/lint/DependencyCaches
instanceKlass com/android/build/gradle/internal/lint/SourceProviderInput
instanceKlass com/android/tools/lint/model/LintModelVariant
instanceKlass com/android/build/gradle/internal/lint/ArtifactInput
instanceKlass com/android/build/gradle/internal/lint/SdkVersionInput
instanceKlass com/android/build/gradle/internal/lint/BuildFeaturesInput
instanceKlass com/android/tools/lint/model/LintModelLintOptions
instanceKlass com/android/build/gradle/internal/lint/ProjectInputs$initializeFromProject$1
instanceKlass com/android/build/gradle/internal/lint/LintOptionsInput
instanceKlass com/android/tools/lint/model/LintModelModule
instanceKlass com/android/build/gradle/internal/lint/ProjectInputs
instanceKlass com/android/build/gradle/internal/lint/VariantInputs
instanceKlass com/android/build/gradle/tasks/BundleAar$BaseCreationAction$configure$3
instanceKlass org/gradle/api/internal/file/copy/RegExpNameMapper
instanceKlass com/android/build/gradle/tasks/BundleAar$BaseCreationAction$configure$2
instanceKlass com/android/build/gradle/internal/component/KmpCreationConfig
instanceKlass com/android/build/gradle/tasks/BundleAar$Companion$prependToCopyPath$1$1
instanceKlass com/android/build/gradle/tasks/BundleAar$Companion$prependToCopyPath$1
instanceKlass com/android/build/gradle/tasks/BundleAar$2
instanceKlass com/android/build/gradle/tasks/BundleAar$1
instanceKlass com/android/build/gradle/tasks/BundleAar$Companion
instanceKlass com/android/build/gradle/internal/tasks/PrepareLintJarForPublish$CreationAction$getPublishedCustomLintChecks$1
instanceKlass com/android/build/gradle/internal/tasks/PrepareLintJarForPublish$CreationAction$getPublishedCustomLintChecks$attributes$1
instanceKlass com/android/build/gradle/internal/tasks/PrepareLintJarForPublish$Companion
instanceKlass com/android/build/gradle/internal/databinding/DataBindingExcludeDelegateKt
instanceKlass com/android/build/gradle/internal/tasks/BundleLibraryClassesKt
instanceKlass com/android/build/gradle/internal/databinding/DataBindingExcludeDelegate
instanceKlass org/gradle/api/internal/artifacts/ivyservice/resolveengine/projectresult/DefaultResolvedProjectConfiguration
instanceKlass org/jetbrains/kotlin/gradle/internal/StdlibDependencyManagementKt$sam$org_gradle_api_Transformer$0
instanceKlass org/jetbrains/kotlin/gradle/internal/StdlibDependencyManagementKt$WhenMappings
instanceKlass org/jetbrains/kotlin/gradle/internal/KotlinDependenciesManagementKt$sam$org_gradle_api_specs_Spec$0
instanceKlass org/jetbrains/kotlin/gradle/plugin/AndroidProjectHandler$wireKotlinTasks$1$1
instanceKlass org/jetbrains/kotlin/gradle/tasks/configuration/BaseKotlinCompileConfig$2$1$2
instanceKlass org/jetbrains/kotlin/gradle/tasks/configuration/KotlinCompileConfigKt$sam$org_gradle_api_Transformer$0
instanceKlass org/jetbrains/kotlin/gradle/tasks/configuration/AbstractKotlinCompileConfig$4$6
instanceKlass org/jetbrains/kotlin/gradle/tasks/configuration/AbstractKotlinCompileConfig$4$5
instanceKlass org/jetbrains/kotlin/gradle/tasks/configuration/AbstractKotlinCompileConfig$4$4
instanceKlass org/jetbrains/kotlin/gradle/tasks/configuration/AbstractKotlinCompileConfig$4$3
instanceKlass org/jetbrains/kotlin/gradle/tasks/configuration/AbstractKotlinCompileConfig$4$2$1
instanceKlass org/jetbrains/kotlin/gradle/tasks/KotlinCompilerExecutionStrategy$Companion
instanceKlass org/jetbrains/kotlin/gradle/tasks/configuration/AbstractKotlinCompileConfig$sam$org_gradle_api_Transformer$0
instanceKlass org/jetbrains/kotlin/config/MavenComparableVersion$IntegerItem
instanceKlass org/jetbrains/kotlin/config/MavenComparableVersion$Item
instanceKlass org/jetbrains/kotlin/config/MavenComparableVersion
instanceKlass org/jetbrains/kotlin/config/ApiVersion$Companion
instanceKlass org/jetbrains/kotlin/config/ApiVersion
instanceKlass org/jetbrains/kotlin/gradle/plugin/sources/DefaultLanguageSettingsBuilderKt
instanceKlass org/jetbrains/kotlin/gradle/tasks/KaptGenerateStubs
instanceKlass org/jetbrains/kotlin/gradle/plugin/mpp/KotlinCompilationsKt$addSourcesToKotlinCompileTask$configureAction$2
instanceKlass org/jetbrains/kotlin/gradle/plugin/mpp/KotlinCompilationsKt$sam$java_util_concurrent_Callable$0
instanceKlass org/jetbrains/kotlin/gradle/tasks/UsesKotlinJavaToolchain$DefaultImpls
instanceKlass org/jetbrains/kotlin/gradle/tasks/KotlinCompile$ScriptFilterSpec
instanceKlass org/jetbrains/kotlin/gradle/tasks/TasksKt$sam$org_gradle_api_Action$0
instanceKlass org/jetbrains/kotlin/gradle/tasks/internal/KotlinJvmOptionsCompat
instanceKlass org/jetbrains/kotlin/gradle/tasks/TasksKt$sam$org_gradle_api_Transformer$0
instanceKlass org/jetbrains/kotlin/gradle/tasks/DefaultKotlinJavaToolchain$DefaultJavaToolchainSetter
instanceKlass org/jetbrains/kotlin/gradle/tasks/DefaultKotlinJavaToolchain$DefaultJdkSetter
instanceKlass org/jetbrains/kotlin/gradle/tasks/DefaultKotlinJavaToolchain$sam$org_gradle_api_Transformer$0
instanceKlass org/jetbrains/kotlin/gradle/utils/ProviderApiUtilsKt
instanceKlass org/jetbrains/kotlin/gradle/tasks/KotlinJavaToolchain$JavaToolchainSetter
instanceKlass org/jetbrains/kotlin/gradle/tasks/KotlinJavaToolchain$JdkSetter
instanceKlass org/jetbrains/kotlin/compilerRunner/GradleCompilerRunner$Companion
instanceKlass org/jetbrains/kotlin/gradle/report/BuildReportsService$Companion
instanceKlass org/jetbrains/kotlin/gradle/tasks/CacheableTasksKt$sam$org_gradle_api_specs_Spec$0
instanceKlass org/jetbrains/kotlin/gradle/tasks/CacheableTasksKt
instanceKlass org/jetbrains/kotlin/build/report/metrics/BuildAttribute$Companion
instanceKlass org/jetbrains/kotlin/build/report/metrics/BuildAttributeKind$Companion
instanceKlass org/jetbrains/kotlin/build/report/metrics/BuildAttributes$Companion
instanceKlass org/jetbrains/kotlin/build/report/metrics/BuildAttributes
instanceKlass org/jetbrains/kotlin/build/report/metrics/BuildPerformanceMetric$Companion
instanceKlass org/jetbrains/kotlin/build/report/metrics/BuildPerformanceMetrics$Companion
instanceKlass org/jetbrains/kotlin/build/report/metrics/BuildPerformanceMetrics
instanceKlass org/jetbrains/kotlin/build/report/metrics/BuildTimes$Companion
instanceKlass org/jetbrains/kotlin/build/report/metrics/BuildTimes
instanceKlass org/jetbrains/kotlin/build/report/metrics/BuildTime$Companion
instanceKlass org/jetbrains/kotlin/build/report/metrics/BuildMetricsReporterImpl
instanceKlass org/jetbrains/kotlin/gradle/utils/FileUtilsKt
instanceKlass org/jetbrains/kotlin/build/SourcesUtilsKt
instanceKlass org/jetbrains/kotlin/gradle/plugin/CompilerPluginConfig
instanceKlass org/jetbrains/kotlin/gradle/tasks/KotlinCompilerPluginData
instanceKlass org/jetbrains/kotlin/gradle/tasks/GradleCompileTaskProvider
instanceKlass org/jetbrains/kotlin/gradle/tasks/DefaultKotlinJavaToolchain
instanceKlass org/jetbrains/kotlin/compilerRunner/GradleCompilerRunner
instanceKlass org/jetbrains/kotlin/gradle/report/BuildReportsService
instanceKlass org/jetbrains/kotlin/gradle/internal/AbstractKotlinCompileArgumentsContributor
instanceKlass org/jetbrains/kotlin/gradle/logging/GradleKotlinLogger
instanceKlass org/jetbrains/kotlin/compilerRunner/KotlinLogger
instanceKlass org/jetbrains/kotlin/daemon/common/MultiModuleICSettings
instanceKlass org/jetbrains/kotlin/gradle/plugin/stat/GradleBuildStartParameters
instanceKlass org/jetbrains/kotlin/incremental/ChangedFiles
instanceKlass org/jetbrains/kotlin/incremental/ClasspathChanges
instanceKlass org/jetbrains/kotlin/gradle/tasks/KotlinCompile$ClasspathSnapshotProperties
instanceKlass org/jetbrains/kotlin/gradle/tasks/TaskOutputsBackup
instanceKlass org/jetbrains/kotlin/gradle/tasks/KotlinJavaToolchain
instanceKlass org/jetbrains/kotlin/gradle/internal/CompilerArgumentsContributor
instanceKlass org/gradle/api/internal/file/DefaultProjectLayout$1
instanceKlass com/android/build/gradle/internal/scope/BootClasspathBuilder$computeAdditionalAndRequestedOptionalLibraries$6
instanceKlass com/android/build/gradle/internal/scope/BootClasspathBuilder$computeAdditionalAndRequestedOptionalLibraries$5
instanceKlass com/android/build/gradle/internal/scope/BootClasspathBuilder$computeAdditionalAndRequestedOptionalLibraries$4
instanceKlass com/android/build/gradle/internal/scope/BootClasspathBuilder$computeAdditionalAndRequestedOptionalLibraries$3
instanceKlass com/android/build/gradle/internal/scope/BootClasspathBuilder$computeAdditionalAndRequestedOptionalLibraries$2
instanceKlass com/android/build/gradle/internal/scope/BootClasspathBuilder$computeAdditionalAndRequestedOptionalLibraries$1
instanceKlass com/android/build/gradle/internal/scope/BootClasspathBuilder$CacheKey
instanceKlass com/android/build/gradle/internal/SdkDirectLoadingStrategy$DirectLoadComponents
instanceKlass com/android/build/gradle/internal/errors/MessageReceiverImplKt
instanceKlass com/android/build/gradle/internal/errors/MessageReceiverImpl$WhenMappings
instanceKlass com/android/ide/common/blame/SourcePosition
instanceKlass com/android/ide/common/blame/SourceFile
instanceKlass com/android/ide/common/blame/SourceFilePosition
instanceKlass com/android/ide/common/blame/Message$Kind$Companion
instanceKlass com/android/ide/common/blame/Message
instanceKlass com/android/build/gradle/internal/errors/SyncIssueReporterImpl$WhenMappings
instanceKlass com/android/build/gradle/internal/ide/SyncIssueImpl
instanceKlass com/android/build/gradle/internal/EmulatorComponents$Companion
instanceKlass com/android/build/gradle/internal/EmulatorComponents
instanceKlass com/android/sdklib/repository/targets/OptionalLibraryImpl
instanceKlass com/android/sdklib/repository/targets/PlatformTarget$Library
instanceKlass com/android/sdklib/repository/targets/PlatformTarget
instanceKlass com/android/sdklib/IAndroidTarget
instanceKlass org/gradle/internal/logging/events/StyledTextOutputEvent$Span
instanceKlass org/gradle/internal/logging/events/operations/StyledTextBuildOperationProgressDetails$Span
instanceKlass org/gradle/internal/operations/logging/StyledTextBuildOperationProgressDetails$Span
instanceKlass com/android/build/gradle/internal/PlatformComponents$Companion
instanceKlass com/android/build/gradle/internal/PlatformComponents
instanceKlass java/util/EnumMap$EntryIterator$Entry
instanceKlass java/util/EnumMap$EnumMapIterator
instanceKlass com/android/sdklib/BuildToolInfo
instanceKlass com/sun/xml/bind/v2/runtime/unmarshaller/DefaultIDResolver$1
instanceKlass com/sun/xml/bind/DatatypeConverterImpl
instanceKlass javax/xml/bind/DatatypeConverterInterface
instanceKlass org/xml/sax/helpers/AttributesImpl
instanceKlass com/sun/org/apache/xerces/internal/impl/Constants$ArrayEnumeration
instanceKlass com/sun/org/apache/xerces/internal/impl/Constants
instanceKlass com/sun/org/apache/xerces/internal/parsers/AbstractSAXParser$LocatorProxy
instanceKlass org/xml/sax/ext/Locator2
instanceKlass com/sun/org/apache/xerces/internal/util/XMLSymbols
instanceKlass com/sun/org/apache/xerces/internal/util/XMLChar
instanceKlass com/sun/xml/internal/stream/Entity
instanceKlass com/sun/xml/internal/stream/util/BufferAllocator
instanceKlass com/sun/xml/internal/stream/util/ThreadLocalBufferAllocator
instanceKlass com/sun/org/apache/xerces/internal/impl/XMLEntityManager$EncodingInfo
instanceKlass com/sun/org/apache/xerces/internal/utils/XMLLimitAnalyzer
instanceKlass com/sun/org/apache/xerces/internal/xni/parser/XMLInputSource
instanceKlass com/sun/org/apache/xerces/internal/util/ErrorHandlerWrapper
instanceKlass com/sun/org/apache/xerces/internal/xni/parser/XMLErrorHandler
instanceKlass com/sun/org/apache/xerces/internal/impl/ExternalSubsetResolver
instanceKlass com/sun/org/apache/xerces/internal/util/EntityResolverWrapper
instanceKlass org/xml/sax/ext/EntityResolver2
instanceKlass com/sun/xml/bind/v2/runtime/unmarshaller/TagName
instanceKlass com/sun/xml/bind/v2/runtime/unmarshaller/SAXConnector
instanceKlass com/sun/org/apache/xerces/internal/parsers/AbstractSAXParser$AttributesProxy
instanceKlass org/xml/sax/ext/Attributes2
instanceKlass org/xml/sax/AttributeList
instanceKlass com/sun/org/apache/xerces/internal/util/FeatureState
instanceKlass com/sun/org/apache/xerces/internal/util/PropertyState
instanceKlass com/sun/org/apache/xerces/internal/impl/msg/XMLMessageFormatter
instanceKlass com/sun/org/apache/xerces/internal/util/MessageFormatter
instanceKlass com/sun/org/apache/xerces/internal/impl/XMLVersionDetector
instanceKlass com/sun/org/apache/xerces/internal/impl/validation/ValidationManager
instanceKlass com/sun/org/apache/xerces/internal/impl/dv/dtd/NMTOKENDatatypeValidator
instanceKlass com/sun/org/apache/xerces/internal/impl/dv/dtd/NOTATIONDatatypeValidator
instanceKlass com/sun/org/apache/xerces/internal/impl/dv/dtd/ENTITYDatatypeValidator
instanceKlass com/sun/org/apache/xerces/internal/impl/dv/dtd/ListDatatypeValidator
instanceKlass com/sun/org/apache/xerces/internal/impl/dv/dtd/IDREFDatatypeValidator
instanceKlass com/sun/org/apache/xerces/internal/impl/dv/dtd/IDDatatypeValidator
instanceKlass com/sun/org/apache/xerces/internal/impl/dv/dtd/StringDatatypeValidator
instanceKlass com/sun/org/apache/xerces/internal/impl/dv/DatatypeValidator
instanceKlass com/sun/org/apache/xerces/internal/impl/dv/DTDDVFactory
instanceKlass com/sun/org/apache/xerces/internal/impl/dtd/DTDGrammarBucket
instanceKlass com/sun/org/apache/xerces/internal/impl/dtd/XMLAttributeDecl
instanceKlass com/sun/org/apache/xerces/internal/impl/dtd/XMLSimpleType
instanceKlass com/sun/org/apache/xerces/internal/impl/dtd/XMLElementDecl
instanceKlass com/sun/org/apache/xerces/internal/impl/validation/ValidationState
instanceKlass com/sun/org/apache/xerces/internal/impl/dv/ValidationContext
instanceKlass com/sun/org/apache/xerces/internal/impl/dtd/XMLDTDValidator
instanceKlass com/sun/org/apache/xerces/internal/impl/RevalidationHandler
instanceKlass com/sun/org/apache/xerces/internal/impl/dtd/XMLDTDValidatorFilter
instanceKlass com/sun/org/apache/xerces/internal/xni/parser/XMLDocumentFilter
instanceKlass com/sun/org/apache/xerces/internal/impl/dtd/XMLEntityDecl
instanceKlass com/sun/org/apache/xerces/internal/impl/dtd/XMLDTDProcessor
instanceKlass com/sun/org/apache/xerces/internal/xni/parser/XMLDTDContentModelFilter
instanceKlass com/sun/org/apache/xerces/internal/xni/parser/XMLDTDFilter
instanceKlass com/sun/org/apache/xerces/internal/xni/parser/XMLDTDScanner
instanceKlass com/sun/org/apache/xerces/internal/xni/parser/XMLDTDContentModelSource
instanceKlass com/sun/org/apache/xerces/internal/xni/parser/XMLDTDSource
instanceKlass com/sun/org/apache/xerces/internal/xni/grammars/XMLDTDDescription
instanceKlass com/sun/org/apache/xerces/internal/xni/grammars/XMLGrammarDescription
instanceKlass com/sun/org/apache/xerces/internal/impl/XMLDocumentScannerImpl$TrailingMiscDriver
instanceKlass com/sun/org/apache/xerces/internal/impl/XMLDocumentScannerImpl$PrologDriver
instanceKlass com/sun/org/apache/xerces/internal/impl/XMLDocumentScannerImpl$XMLDeclDriver
instanceKlass com/sun/org/apache/xerces/internal/util/NamespaceSupport
instanceKlass com/sun/org/apache/xerces/internal/xni/NamespaceContext
instanceKlass com/sun/org/apache/xerces/internal/util/XMLAttributesImpl$Attribute
instanceKlass com/sun/org/apache/xerces/internal/util/XMLAttributesImpl
instanceKlass com/sun/org/apache/xerces/internal/xni/XMLAttributes
instanceKlass com/sun/org/apache/xerces/internal/impl/XMLDocumentFragmentScannerImpl$FragmentContentDriver
instanceKlass com/sun/org/apache/xerces/internal/impl/XMLDocumentFragmentScannerImpl$Driver
instanceKlass com/sun/org/apache/xerces/internal/impl/XMLDocumentFragmentScannerImpl$ElementStack2
instanceKlass com/sun/org/apache/xerces/internal/xni/QName
instanceKlass com/sun/org/apache/xerces/internal/impl/XMLDocumentFragmentScannerImpl$ElementStack
instanceKlass com/sun/org/apache/xerces/internal/xni/XMLString
instanceKlass com/sun/org/apache/xerces/internal/impl/XMLScanner
instanceKlass com/sun/xml/internal/stream/XMLBufferListener
instanceKlass com/sun/org/apache/xerces/internal/impl/XMLEntityHandler
instanceKlass com/sun/org/apache/xerces/internal/xni/parser/XMLDocumentScanner
instanceKlass com/sun/org/apache/xerces/internal/xni/parser/XMLDocumentSource
instanceKlass com/sun/org/apache/xerces/internal/impl/XMLErrorReporter
instanceKlass com/sun/org/apache/xerces/internal/impl/XMLEntityScanner
instanceKlass com/sun/org/apache/xerces/internal/xni/XMLLocator
instanceKlass com/sun/xml/internal/stream/XMLEntityStorage
instanceKlass com/sun/org/apache/xerces/internal/util/AugmentationsImpl$AugmentationsItemsContainer
instanceKlass com/sun/org/apache/xerces/internal/util/AugmentationsImpl
instanceKlass com/sun/org/apache/xerces/internal/xni/Augmentations
instanceKlass com/sun/org/apache/xerces/internal/util/XMLResourceIdentifierImpl
instanceKlass com/sun/org/apache/xerces/internal/xni/XMLResourceIdentifier
instanceKlass com/sun/org/apache/xerces/internal/impl/XMLEntityManager
instanceKlass com/sun/org/apache/xerces/internal/xni/parser/XMLEntityResolver
instanceKlass com/sun/org/apache/xerces/internal/xni/parser/XMLComponent
instanceKlass com/sun/org/apache/xerces/internal/util/SymbolTable$Entry
instanceKlass com/sun/org/apache/xerces/internal/util/SymbolTable
instanceKlass jdk/xml/internal/JdkConstants
instanceKlass jdk/xml/internal/JdkXmlUtils
instanceKlass com/sun/org/apache/xerces/internal/util/ParserConfigurationSettings
instanceKlass com/sun/org/apache/xerces/internal/parsers/XML11Configurable
instanceKlass com/sun/org/apache/xerces/internal/xni/parser/XMLPullParserConfiguration
instanceKlass com/sun/org/apache/xerces/internal/xni/parser/XMLParserConfiguration
instanceKlass com/sun/org/apache/xerces/internal/xni/parser/XMLComponentManager
instanceKlass com/sun/org/apache/xerces/internal/parsers/XMLParser
instanceKlass com/sun/org/apache/xerces/internal/xni/XMLDTDContentModelHandler
instanceKlass com/sun/org/apache/xerces/internal/xni/XMLDTDHandler
instanceKlass com/sun/org/apache/xerces/internal/xni/XMLDocumentHandler
instanceKlass org/xml/sax/Parser
instanceKlass javax/xml/parsers/SAXParser
instanceKlass com/sun/org/apache/xerces/internal/xs/PSVIProvider
instanceKlass com/sun/org/apache/xerces/internal/jaxp/JAXPConstants
instanceKlass javax/xml/parsers/SAXParserFactory
instanceKlass org/xml/sax/helpers/XMLFilterImpl
instanceKlass org/xml/sax/InputSource
instanceKlass javax/xml/transform/sax/SAXSource
instanceKlass com/sun/xml/bind/v2/runtime/unmarshaller/UnmarshallingContext$State
instanceKlass com/sun/xml/bind/v2/runtime/unmarshaller/Scope
instanceKlass javax/xml/bind/ValidationEventLocator
instanceKlass com/sun/xml/bind/v2/runtime/unmarshaller/LocatorExWrapper
instanceKlass org/xml/sax/helpers/LocatorImpl
instanceKlass com/sun/xml/bind/v2/runtime/Coordinator
instanceKlass com/sun/xml/bind/v2/runtime/unmarshaller/XmlVisitor$TextPredictor
instanceKlass javax/xml/bind/helpers/DefaultValidationEventHandler
instanceKlass org/xml/sax/helpers/DefaultHandler
instanceKlass javax/xml/bind/UnmarshallerHandler
instanceKlass com/sun/xml/bind/v2/runtime/unmarshaller/XmlVisitor
instanceKlass com/sun/xml/bind/IDResolver
instanceKlass javax/xml/bind/helpers/AbstractUnmarshallerImpl
instanceKlass javax/xml/bind/ValidationEventHandler
instanceKlass com/sun/xml/bind/v2/runtime/NameList
instanceKlass com/sun/xml/bind/v2/runtime/property/ArrayERProperty$ReceiverImpl
instanceKlass com/sun/xml/bind/v2/runtime/unmarshaller/ChildLoader
instanceKlass com/sun/xml/bind/v2/runtime/unmarshaller/StructureLoader$1
instanceKlass com/sun/xml/bind/v2/runtime/property/UnmarshallerChain
instanceKlass com/sun/xml/bind/v2/runtime/ElementBeanInfoImpl$1
instanceKlass javax/xml/bind/JAXBElement$GlobalScope
instanceKlass com/sun/xml/bind/v2/runtime/Utils$1
instanceKlass com/sun/xml/bind/v2/runtime/Utils
instanceKlass com/sun/xml/bind/v2/runtime/unmarshaller/Intercepter
instanceKlass javax/xml/bind/annotation/W3CDomHandler
instanceKlass javax/xml/bind/annotation/DomHandler
instanceKlass com/sun/xml/bind/v2/runtime/unmarshaller/Patcher
instanceKlass com/sun/xml/bind/v2/runtime/unmarshaller/LocatorEx
instanceKlass com/sun/xml/bind/v2/ClassFactory
instanceKlass com/sun/xml/bind/v2/runtime/reflect/Lister$2
instanceKlass com/sun/xml/bind/v2/runtime/reflect/ListIterator
instanceKlass com/sun/xml/bind/v2/runtime/reflect/Lister
instanceKlass com/sun/xml/bind/v2/runtime/property/Utils$1
instanceKlass com/sun/xml/bind/v2/runtime/property/Utils
instanceKlass com/sun/xml/bind/v2/runtime/reflect/TransducedAccessor
instanceKlass com/sun/xml/bind/v2/runtime/Name
instanceKlass com/sun/xml/bind/v2/runtime/property/TagAndType
instanceKlass com/sun/xml/bind/v2/runtime/property/PropertyFactory$1
instanceKlass com/sun/xml/bind/v2/runtime/property/PropertyFactory
instanceKlass com/sun/xml/bind/v2/runtime/JaxBeanInfo$1
instanceKlass com/sun/xml/bind/v2/runtime/LifecycleMethods
instanceKlass com/sun/xml/bind/v2/runtime/property/PropertyImpl
instanceKlass com/sun/xml/bind/v2/runtime/property/Property
instanceKlass com/sun/xml/bind/v2/runtime/property/StructureLoaderBuilder
instanceKlass com/sun/xml/bind/v2/runtime/unmarshaller/Loader
instanceKlass com/sun/xml/bind/v2/runtime/FilterTransducer
instanceKlass com/sun/xml/bind/v2/util/FlattenIterator
instanceKlass com/android/sdklib/repository/meta/DetailsTypes$MavenType
instanceKlass java/lang/Package$1PackageInfoProxy
